Using pre-set license

 COMMAND LINE ARGUMENTS:
/Applications/2021.1.7f1/Unity/Unity.app/Contents/MacOS/Unity
-adb2
-batchMode
-noUpm
-name
AssetImportWorker0
-projectPath
/Users/unnathy5108/Desktop/Study Habits 2d
-logFile
Logs/AssetImportWorker0.log
-srvPort
65212
Successfully changed project path to: /Users/unnathy5108/Desktop/Study Habits 2d
/Users/unnathy5108/Desktop/Study Habits 2d
Using Asset Import Pipeline V2.
Refreshing native plugins compatible for Editor in 95.63 ms, found 2 plugins.
Preloading 0 native plugins for Editor in 0.00 ms.
Initialize engine version: 2021.1.7f1 (d91830b65d9b)
[Subsystems] Discovering subsystems at path /Applications/2021.1.7f1/Unity/Unity.app/Contents/Resources/UnitySubsystems
[Subsystems] Discovering subsystems at path /Users/unnathy5108/Desktop/Study Habits 2d/Assets
GfxDevice: creating device client; threaded=0; jobified=0
2021-11-13 22:00:12.567 Unity[63890:2498563] (null) preferred device: Apple M1 (high power)
2021-11-13 22:00:12.567 Unity[63890:2498563] Metal devices available: 1
2021-11-13 22:00:12.567 Unity[63890:2498563] 0: Apple M1 (high power)
2021-11-13 22:00:12.567 Unity[63890:2498563] Using device Apple M1 (high power)
Initializing Metal device caps: Apple M1
Initialize mono
Mono path[0] = '/Applications/2021.1.7f1/Unity/Unity.app/Contents/Managed'
Mono path[1] = '/Applications/2021.1.7f1/Unity/Unity.app/Contents/MonoBleedingEdge/lib/mono/unityjit'
Mono config path = '/Applications/2021.1.7f1/Unity/Unity.app/Contents/MonoBleedingEdge/etc'
Using monoOptions --debugger-agent=transport=dt_socket,embedding=1,server=y,suspend=n,address=127.0.0.1:56890
Begin MonoManager ReloadAssembly
Registering precompiled unity dll's ...
Register platform support module: /Applications/2021.1.7f1/Unity/PlaybackEngines/WebGLSupport/UnityEditor.WebGL.Extensions.dll
Register platform support module: /Applications/2021.1.7f1/Unity/Unity.app/Contents/PlaybackEngines/MacStandaloneSupport/UnityEditor.OSXStandalone.Extensions.dll
Registered in 0.000465 seconds.
Native extension for OSXStandalone target not found
Native extension for WebGL target not found
Refreshing native plugins compatible for Editor in 91.55 ms, found 2 plugins.
Preloading 0 native plugins for Editor in 0.00 ms.
Mono: successfully reloaded assembly
- Completed reload, in  2.056 seconds
Platform modules already initialized, skipping
Registering precompiled user dll's ...
Registered in 0.000939 seconds.
Begin MonoManager ReloadAssembly
Symbol file LoadedFromMemory doesn't match image /Users/unnathy5108/Desktop/Study Habits 2d/Library/PackageCache/com.unity.visualscripting@1.6.1/Editor/VisualScripting.Core/Dependencies/YamlDotNet/Unity.VisualScripting.YamlDotNet.dll
Symbol file LoadedFromMemory doesn't match image /Users/unnathy5108/Desktop/Study Habits 2d/Library/PackageCache/com.unity.visualscripting@1.6.1/Editor/VisualScripting.Core/Dependencies/DotNetZip/Unity.VisualScripting.IonicZip.dll
Native extension for OSXStandalone target not found
Native extension for WebGL target not found
Refreshing native plugins compatible for Editor in 91.06 ms, found 2 plugins.
Preloading 0 native plugins for Editor in 0.00 ms.
Mono: successfully reloaded assembly
- Completed reload, in  2.051 seconds
Platform modules already initialized, skipping
========================================================================
Worker process is ready to serve import requests
Launching external process: /Applications/2021.1.7f1/Unity/Unity.app/Contents/Tools/UnityShaderCompiler
Launched and connected shader compiler UnityShaderCompiler after 0.03 seconds
Refreshing native plugins compatible for Editor in 0.77 ms, found 2 plugins.
Preloading 0 native plugins for Editor in 0.00 ms.
Unloading 3372 Unused Serialized files (Serialized files now loaded: 0)
System memory in use before: 274.9 MB.
System memory in use after: 275.0 MB.

Unloading 28 unused Assets to reduce memory usage. Loaded Objects now: 3828.
Total: 1.804834 ms (FindLiveObjects: 0.160000 ms CreateObjectMapping: 0.070625 ms MarkObjects: 1.468750 ms  DeleteObjects: 0.104500 ms)

========================================================================
Received Import Request.
  path: Assets/Scripts/CircleController.cs
  artifactKey: Guid(27b057cfb1480429a905c07f7aadec64) Importer(815301076,1909f56bfc062723c751e8b465ee728b)
Start importing Assets/Scripts/CircleController.cs using Guid(27b057cfb1480429a905c07f7aadec64) Importer(815301076,1909f56bfc062723c751e8b465ee728b)  -> (artifact id: '253579d8f51ac3316b80569f1b327fb3') in 0.184166 seconds 
========================================================================
Received Prepare
Registering precompiled user dll's ...
Registered in 0.002793 seconds.
Begin MonoManager ReloadAssembly
Symbol file LoadedFromMemory doesn't match image /Users/unnathy5108/Desktop/Study Habits 2d/Library/PackageCache/com.unity.visualscripting@1.6.1/Editor/VisualScripting.Core/Dependencies/YamlDotNet/Unity.VisualScripting.YamlDotNet.dll
Symbol file LoadedFromMemory doesn't match image /Users/unnathy5108/Desktop/Study Habits 2d/Library/PackageCache/com.unity.visualscripting@1.6.1/Editor/VisualScripting.Core/Dependencies/DotNetZip/Unity.VisualScripting.IonicZip.dll
Native extension for OSXStandalone target not found
Native extension for WebGL target not found
Refreshing native plugins compatible for Editor in 0.55 ms, found 2 plugins.
Preloading 0 native plugins for Editor in 0.00 ms.
Mono: successfully reloaded assembly
- Completed reload, in  1.924 seconds
Platform modules already initialized, skipping
Refreshing native plugins compatible for Editor in 0.56 ms, found 2 plugins.
Preloading 0 native plugins for Editor in 0.00 ms.
Unloading 3367 Unused Serialized files (Serialized files now loaded: 0)
System memory in use before: 279.4 MB.
System memory in use after: 279.5 MB.

Unloading 16 unused Assets to reduce memory usage. Loaded Objects now: 3832.
Total: 1.770291 ms (FindLiveObjects: 0.161375 ms CreateObjectMapping: 0.079000 ms MarkObjects: 1.438625 ms  DeleteObjects: 0.090500 ms)

========================================================================
Received Prepare
Registering precompiled user dll's ...
Registered in 0.002270 seconds.
Begin MonoManager ReloadAssembly
Symbol file LoadedFromMemory doesn't match image /Users/unnathy5108/Desktop/Study Habits 2d/Library/PackageCache/com.unity.visualscripting@1.6.1/Editor/VisualScripting.Core/Dependencies/YamlDotNet/Unity.VisualScripting.YamlDotNet.dll
Symbol file LoadedFromMemory doesn't match image /Users/unnathy5108/Desktop/Study Habits 2d/Library/PackageCache/com.unity.visualscripting@1.6.1/Editor/VisualScripting.Core/Dependencies/DotNetZip/Unity.VisualScripting.IonicZip.dll
Native extension for OSXStandalone target not found
Native extension for WebGL target not found
Refreshing native plugins compatible for Editor in 0.57 ms, found 2 plugins.
Preloading 0 native plugins for Editor in 0.00 ms.
Mono: successfully reloaded assembly
- Completed reload, in  1.963 seconds
Platform modules already initialized, skipping
Refreshing native plugins compatible for Editor in 0.56 ms, found 2 plugins.
Preloading 0 native plugins for Editor in 0.00 ms.
Unloading 3367 Unused Serialized files (Serialized files now loaded: 0)
System memory in use before: 279.6 MB.
System memory in use after: 279.8 MB.

Unloading 16 unused Assets to reduce memory usage. Loaded Objects now: 3836.
Total: 1.793584 ms (FindLiveObjects: 0.149000 ms CreateObjectMapping: 0.078125 ms MarkObjects: 1.475042 ms  DeleteObjects: 0.090625 ms)

========================================================================
Received Prepare
Registering precompiled user dll's ...
Registered in 0.001242 seconds.
Begin MonoManager ReloadAssembly
Symbol file LoadedFromMemory doesn't match image /Users/unnathy5108/Desktop/Study Habits 2d/Library/PackageCache/com.unity.visualscripting@1.6.1/Editor/VisualScripting.Core/Dependencies/YamlDotNet/Unity.VisualScripting.YamlDotNet.dll
Symbol file LoadedFromMemory doesn't match image /Users/unnathy5108/Desktop/Study Habits 2d/Library/PackageCache/com.unity.visualscripting@1.6.1/Editor/VisualScripting.Core/Dependencies/DotNetZip/Unity.VisualScripting.IonicZip.dll
Native extension for OSXStandalone target not found
Native extension for WebGL target not found
Refreshing native plugins compatible for Editor in 0.55 ms, found 2 plugins.
Preloading 0 native plugins for Editor in 0.00 ms.
Mono: successfully reloaded assembly
- Completed reload, in  1.873 seconds
Platform modules already initialized, skipping
Refreshing native plugins compatible for Editor in 0.53 ms, found 2 plugins.
Preloading 0 native plugins for Editor in 0.00 ms.
Unloading 3367 Unused Serialized files (Serialized files now loaded: 0)
System memory in use before: 279.9 MB.
System memory in use after: 280.0 MB.

Unloading 16 unused Assets to reduce memory usage. Loaded Objects now: 3840.
Total: 1.621833 ms (FindLiveObjects: 0.125750 ms CreateObjectMapping: 0.070791 ms MarkObjects: 1.342792 ms  DeleteObjects: 0.081625 ms)

