Using pre-set license

 COMMAND LINE ARGUMENTS:
/Applications/2021.1.7f1/Unity/Unity.app/Contents/MacOS/Unity
-adb2
-batchMode
-noUpm
-name
AssetImportWorker0
-projectPath
/Users/unnathy5108/Desktop/studyhabitsmultimedia/StudyHabits2d
-logFile
Logs/AssetImportWorker0.log
-srvPort
59750
Successfully changed project path to: /Users/unnathy5108/Desktop/studyhabitsmultimedia/StudyHabits2d
/Users/unnathy5108/Desktop/studyhabitsmultimedia/StudyHabits2d
Using Asset Import Pipeline V2.
Refreshing native plugins compatible for Editor in 123.72 ms, found 2 plugins.
Preloading 0 native plugins for Editor in 0.00 ms.
Initialize engine version: 2021.1.7f1 (d91830b65d9b)
[Subsystems] Discovering subsystems at path /Applications/2021.1.7f1/Unity/Unity.app/Contents/Resources/UnitySubsystems
[Subsystems] Discovering subsystems at path /Users/unnathy5108/Desktop/studyhabitsmultimedia/StudyHabits2d/Assets
GfxDevice: creating device client; threaded=0; jobified=0
2021-11-18 15:23:02.154 Unity[7682:3971470] (null) preferred device: Apple M1 (high power)
2021-11-18 15:23:02.154 Unity[7682:3971470] Metal devices available: 1
2021-11-18 15:23:02.154 Unity[7682:3971470] 0: Apple M1 (high power)
2021-11-18 15:23:02.154 Unity[7682:3971470] Using device Apple M1 (high power)
Initializing Metal device caps: Apple M1
Initialize mono
Mono path[0] = '/Applications/2021.1.7f1/Unity/Unity.app/Contents/Managed'
Mono path[1] = '/Applications/2021.1.7f1/Unity/Unity.app/Contents/MonoBleedingEdge/lib/mono/unityjit'
Mono config path = '/Applications/2021.1.7f1/Unity/Unity.app/Contents/MonoBleedingEdge/etc'
Using monoOptions --debugger-agent=transport=dt_socket,embedding=1,server=y,suspend=n,address=127.0.0.1:56682
Begin MonoManager ReloadAssembly
Registering precompiled unity dll's ...
Register platform support module: /Applications/2021.1.7f1/Unity/PlaybackEngines/WebGLSupport/UnityEditor.WebGL.Extensions.dll
Register platform support module: /Applications/2021.1.7f1/Unity/Unity.app/Contents/PlaybackEngines/MacStandaloneSupport/UnityEditor.OSXStandalone.Extensions.dll
Registered in 0.002177 seconds.
Native extension for OSXStandalone target not found
Native extension for WebGL target not found
Refreshing native plugins compatible for Editor in 95.89 ms, found 2 plugins.
Preloading 0 native plugins for Editor in 0.00 ms.
Mono: successfully reloaded assembly
- Completed reload, in  2.238 seconds
Platform modules already initialized, skipping
Registering precompiled user dll's ...
Registered in 0.003619 seconds.
Begin MonoManager ReloadAssembly
Symbol file LoadedFromMemory doesn't match image /Users/unnathy5108/Desktop/studyhabitsmultimedia/StudyHabits2d/Library/PackageCache/com.unity.visualscripting@1.6.1/Editor/VisualScripting.Core/Dependencies/YamlDotNet/Unity.VisualScripting.YamlDotNet.dll
Symbol file LoadedFromMemory doesn't match image /Users/unnathy5108/Desktop/studyhabitsmultimedia/StudyHabits2d/Library/PackageCache/com.unity.visualscripting@1.6.1/Editor/VisualScripting.Core/Dependencies/DotNetZip/Unity.VisualScripting.IonicZip.dll
Native extension for OSXStandalone target not found
Native extension for WebGL target not found
Refreshing native plugins compatible for Editor in 91.70 ms, found 2 plugins.
Preloading 0 native plugins for Editor in 0.00 ms.
Mono: successfully reloaded assembly
- Completed reload, in  2.088 seconds
Platform modules already initialized, skipping
========================================================================
Worker process is ready to serve import requests
Launching external process: /Applications/2021.1.7f1/Unity/Unity.app/Contents/Tools/UnityShaderCompiler
Launched and connected shader compiler UnityShaderCompiler after 0.03 seconds
Refreshing native plugins compatible for Editor in 0.66 ms, found 2 plugins.
Preloading 0 native plugins for Editor in 0.00 ms.
Unloading 3373 Unused Serialized files (Serialized files now loaded: 0)
System memory in use before: 275.1 MB.
System memory in use after: 275.2 MB.

Unloading 28 unused Assets to reduce memory usage. Loaded Objects now: 3829.
Total: 1.937750 ms (FindLiveObjects: 0.169917 ms CreateObjectMapping: 0.074250 ms MarkObjects: 1.574125 ms  DeleteObjects: 0.118417 ms)

========================================================================
Received Import Request.
  path: Assets/Scripts/SpriteController.cs
  artifactKey: Guid(d5c28aa48a9a743728ac6ca4a7347141) Importer(815301076,1909f56bfc062723c751e8b465ee728b)
Start importing Assets/Scripts/SpriteController.cs using Guid(d5c28aa48a9a743728ac6ca4a7347141) Importer(815301076,1909f56bfc062723c751e8b465ee728b)  -> (artifact id: 'f4a6dc4d2d75c81fd291ea0616eeb60e') in 0.244416 seconds 
========================================================================
Received Prepare
Registering precompiled user dll's ...
Registered in 0.018604 seconds.
Begin MonoManager ReloadAssembly
Symbol file LoadedFromMemory doesn't match image /Users/unnathy5108/Desktop/studyhabitsmultimedia/StudyHabits2d/Library/PackageCache/com.unity.visualscripting@1.6.1/Editor/VisualScripting.Core/Dependencies/YamlDotNet/Unity.VisualScripting.YamlDotNet.dll
Symbol file LoadedFromMemory doesn't match image /Users/unnathy5108/Desktop/studyhabitsmultimedia/StudyHabits2d/Library/PackageCache/com.unity.visualscripting@1.6.1/Editor/VisualScripting.Core/Dependencies/DotNetZip/Unity.VisualScripting.IonicZip.dll
Native extension for OSXStandalone target not found
Native extension for WebGL target not found
Refreshing native plugins compatible for Editor in 0.50 ms, found 2 plugins.
Preloading 0 native plugins for Editor in 0.00 ms.
Mono: successfully reloaded assembly
- Completed reload, in  2.039 seconds
Platform modules already initialized, skipping
Refreshing native plugins compatible for Editor in 0.61 ms, found 2 plugins.
Preloading 0 native plugins for Editor in 0.00 ms.
Unloading 3369 Unused Serialized files (Serialized files now loaded: 0)
System memory in use before: 279.5 MB.
System memory in use after: 279.6 MB.

Unloading 16 unused Assets to reduce memory usage. Loaded Objects now: 3834.
Total: 1.976791 ms (FindLiveObjects: 0.198459 ms CreateObjectMapping: 0.083584 ms MarkObjects: 1.594500 ms  DeleteObjects: 0.099375 ms)

========================================================================
Received Prepare
Registering precompiled user dll's ...
Registered in 0.027534 seconds.
Begin MonoManager ReloadAssembly
Symbol file LoadedFromMemory doesn't match image /Users/unnathy5108/Desktop/studyhabitsmultimedia/StudyHabits2d/Library/PackageCache/com.unity.visualscripting@1.6.1/Editor/VisualScripting.Core/Dependencies/YamlDotNet/Unity.VisualScripting.YamlDotNet.dll
Symbol file LoadedFromMemory doesn't match image /Users/unnathy5108/Desktop/studyhabitsmultimedia/StudyHabits2d/Library/PackageCache/com.unity.visualscripting@1.6.1/Editor/VisualScripting.Core/Dependencies/DotNetZip/Unity.VisualScripting.IonicZip.dll
Native extension for OSXStandalone target not found
Native extension for WebGL target not found
Refreshing native plugins compatible for Editor in 0.60 ms, found 2 plugins.
Preloading 0 native plugins for Editor in 0.00 ms.
Mono: successfully reloaded assembly
- Completed reload, in  2.086 seconds
Platform modules already initialized, skipping
Refreshing native plugins compatible for Editor in 0.56 ms, found 2 plugins.
Preloading 0 native plugins for Editor in 0.00 ms.
Unloading 3369 Unused Serialized files (Serialized files now loaded: 0)
System memory in use before: 279.8 MB.
System memory in use after: 279.9 MB.

Unloading 16 unused Assets to reduce memory usage. Loaded Objects now: 3838.
Total: 1.737792 ms (FindLiveObjects: 0.141375 ms CreateObjectMapping: 0.080583 ms MarkObjects: 1.424917 ms  DeleteObjects: 0.090000 ms)

========================================================================
Received Prepare
Registering precompiled user dll's ...
Registered in 0.017614 seconds.
Begin MonoManager ReloadAssembly
Symbol file LoadedFromMemory doesn't match image /Users/unnathy5108/Desktop/studyhabitsmultimedia/StudyHabits2d/Library/PackageCache/com.unity.visualscripting@1.6.1/Editor/VisualScripting.Core/Dependencies/YamlDotNet/Unity.VisualScripting.YamlDotNet.dll
Symbol file LoadedFromMemory doesn't match image /Users/unnathy5108/Desktop/studyhabitsmultimedia/StudyHabits2d/Library/PackageCache/com.unity.visualscripting@1.6.1/Editor/VisualScripting.Core/Dependencies/DotNetZip/Unity.VisualScripting.IonicZip.dll
Native extension for OSXStandalone target not found
Native extension for WebGL target not found
Refreshing native plugins compatible for Editor in 0.56 ms, found 2 plugins.
Preloading 0 native plugins for Editor in 0.00 ms.
Mono: successfully reloaded assembly
- Completed reload, in  1.969 seconds
Platform modules already initialized, skipping
Refreshing native plugins compatible for Editor in 0.53 ms, found 2 plugins.
Preloading 0 native plugins for Editor in 0.00 ms.
Unloading 3369 Unused Serialized files (Serialized files now loaded: 0)
System memory in use before: 280.0 MB.
System memory in use after: 280.1 MB.

Unloading 16 unused Assets to reduce memory usage. Loaded Objects now: 3842.
Total: 1.630625 ms (FindLiveObjects: 0.135500 ms CreateObjectMapping: 0.074709 ms MarkObjects: 1.344125 ms  DeleteObjects: 0.075417 ms)

========================================================================
Received Prepare
Registering precompiled user dll's ...
Registered in 0.018710 seconds.
Begin MonoManager ReloadAssembly
Symbol file LoadedFromMemory doesn't match image /Users/unnathy5108/Desktop/studyhabitsmultimedia/StudyHabits2d/Library/PackageCache/com.unity.visualscripting@1.6.1/Editor/VisualScripting.Core/Dependencies/YamlDotNet/Unity.VisualScripting.YamlDotNet.dll
Symbol file LoadedFromMemory doesn't match image /Users/unnathy5108/Desktop/studyhabitsmultimedia/StudyHabits2d/Library/PackageCache/com.unity.visualscripting@1.6.1/Editor/VisualScripting.Core/Dependencies/DotNetZip/Unity.VisualScripting.IonicZip.dll
Native extension for OSXStandalone target not found
Native extension for WebGL target not found
Refreshing native plugins compatible for Editor in 1.00 ms, found 2 plugins.
Preloading 0 native plugins for Editor in 0.00 ms.
Mono: successfully reloaded assembly
- Completed reload, in  2.069 seconds
Platform modules already initialized, skipping
Refreshing native plugins compatible for Editor in 0.61 ms, found 2 plugins.
Preloading 0 native plugins for Editor in 0.00 ms.
Unloading 3369 Unused Serialized files (Serialized files now loaded: 0)
System memory in use before: 280.3 MB.
System memory in use after: 280.4 MB.

Unloading 16 unused Assets to reduce memory usage. Loaded Objects now: 3846.
Total: 1.739542 ms (FindLiveObjects: 0.171041 ms CreateObjectMapping: 0.079667 ms MarkObjects: 1.401083 ms  DeleteObjects: 0.086917 ms)

========================================================================
Received Prepare
Registering precompiled user dll's ...
Registered in 0.017939 seconds.
Begin MonoManager ReloadAssembly
Symbol file LoadedFromMemory doesn't match image /Users/unnathy5108/Desktop/studyhabitsmultimedia/StudyHabits2d/Library/PackageCache/com.unity.visualscripting@1.6.1/Editor/VisualScripting.Core/Dependencies/YamlDotNet/Unity.VisualScripting.YamlDotNet.dll
Symbol file LoadedFromMemory doesn't match image /Users/unnathy5108/Desktop/studyhabitsmultimedia/StudyHabits2d/Library/PackageCache/com.unity.visualscripting@1.6.1/Editor/VisualScripting.Core/Dependencies/DotNetZip/Unity.VisualScripting.IonicZip.dll
Native extension for OSXStandalone target not found
Native extension for WebGL target not found
Refreshing native plugins compatible for Editor in 0.87 ms, found 2 plugins.
Preloading 0 native plugins for Editor in 0.00 ms.
Mono: successfully reloaded assembly
- Completed reload, in  2.067 seconds
Platform modules already initialized, skipping
Refreshing native plugins compatible for Editor in 0.55 ms, found 2 plugins.
Preloading 0 native plugins for Editor in 0.00 ms.
Unloading 3369 Unused Serialized files (Serialized files now loaded: 0)
System memory in use before: 280.5 MB.
System memory in use after: 280.6 MB.

Unloading 16 unused Assets to reduce memory usage. Loaded Objects now: 3850.
Total: 1.708917 ms (FindLiveObjects: 0.138834 ms CreateObjectMapping: 0.077917 ms MarkObjects: 1.410708 ms  DeleteObjects: 0.080708 ms)

========================================================================
Received Prepare
Registering precompiled user dll's ...
Registered in 0.020444 seconds.
Begin MonoManager ReloadAssembly
Symbol file LoadedFromMemory doesn't match image /Users/unnathy5108/Desktop/studyhabitsmultimedia/StudyHabits2d/Library/PackageCache/com.unity.visualscripting@1.6.1/Editor/VisualScripting.Core/Dependencies/YamlDotNet/Unity.VisualScripting.YamlDotNet.dll
Symbol file LoadedFromMemory doesn't match image /Users/unnathy5108/Desktop/studyhabitsmultimedia/StudyHabits2d/Library/PackageCache/com.unity.visualscripting@1.6.1/Editor/VisualScripting.Core/Dependencies/DotNetZip/Unity.VisualScripting.IonicZip.dll
Native extension for OSXStandalone target not found
Native extension for WebGL target not found
Refreshing native plugins compatible for Editor in 1.40 ms, found 2 plugins.
Preloading 0 native plugins for Editor in 0.00 ms.
Mono: successfully reloaded assembly
- Completed reload, in  2.128 seconds
Platform modules already initialized, skipping
Refreshing native plugins compatible for Editor in 0.57 ms, found 2 plugins.
Preloading 0 native plugins for Editor in 0.00 ms.
Unloading 3369 Unused Serialized files (Serialized files now loaded: 0)
System memory in use before: 280.7 MB.
System memory in use after: 280.8 MB.

Unloading 16 unused Assets to reduce memory usage. Loaded Objects now: 3854.
Total: 2.260125 ms (FindLiveObjects: 0.176708 ms CreateObjectMapping: 0.081417 ms MarkObjects: 1.894750 ms  DeleteObjects: 0.106291 ms)

========================================================================
Received Prepare
Registering precompiled user dll's ...
Registered in 0.023260 seconds.
Begin MonoManager ReloadAssembly
Symbol file LoadedFromMemory doesn't match image /Users/unnathy5108/Desktop/studyhabitsmultimedia/StudyHabits2d/Library/PackageCache/com.unity.visualscripting@1.6.1/Editor/VisualScripting.Core/Dependencies/YamlDotNet/Unity.VisualScripting.YamlDotNet.dll
Symbol file LoadedFromMemory doesn't match image /Users/unnathy5108/Desktop/studyhabitsmultimedia/StudyHabits2d/Library/PackageCache/com.unity.visualscripting@1.6.1/Editor/VisualScripting.Core/Dependencies/DotNetZip/Unity.VisualScripting.IonicZip.dll
Native extension for OSXStandalone target not found
Native extension for WebGL target not found
Refreshing native plugins compatible for Editor in 0.56 ms, found 2 plugins.
Preloading 0 native plugins for Editor in 0.00 ms.
Mono: successfully reloaded assembly
- Completed reload, in  2.032 seconds
Platform modules already initialized, skipping
Refreshing native plugins compatible for Editor in 0.59 ms, found 2 plugins.
Preloading 0 native plugins for Editor in 0.00 ms.
Unloading 3368 Unused Serialized files (Serialized files now loaded: 0)
System memory in use before: 280.9 MB.
System memory in use after: 281.0 MB.

Unloading 17 unused Assets to reduce memory usage. Loaded Objects now: 3857.
Total: 1.936750 ms (FindLiveObjects: 0.179250 ms CreateObjectMapping: 0.077250 ms MarkObjects: 1.577583 ms  DeleteObjects: 0.101834 ms)

========================================================================
Received Prepare
Registering precompiled user dll's ...
Registered in 0.026242 seconds.
Begin MonoManager ReloadAssembly
Symbol file LoadedFromMemory doesn't match image /Users/unnathy5108/Desktop/studyhabitsmultimedia/StudyHabits2d/Library/PackageCache/com.unity.visualscripting@1.6.1/Editor/VisualScripting.Core/Dependencies/YamlDotNet/Unity.VisualScripting.YamlDotNet.dll
Symbol file LoadedFromMemory doesn't match image /Users/unnathy5108/Desktop/studyhabitsmultimedia/StudyHabits2d/Library/PackageCache/com.unity.visualscripting@1.6.1/Editor/VisualScripting.Core/Dependencies/DotNetZip/Unity.VisualScripting.IonicZip.dll
Native extension for OSXStandalone target not found
Native extension for WebGL target not found
Refreshing native plugins compatible for Editor in 1.18 ms, found 2 plugins.
Preloading 0 native plugins for Editor in 0.00 ms.
Mono: successfully reloaded assembly
- Completed reload, in  2.055 seconds
Platform modules already initialized, skipping
Refreshing native plugins compatible for Editor in 0.54 ms, found 2 plugins.
Preloading 0 native plugins for Editor in 0.00 ms.
Unloading 3368 Unused Serialized files (Serialized files now loaded: 0)
System memory in use before: 281.2 MB.
System memory in use after: 281.3 MB.

Unloading 16 unused Assets to reduce memory usage. Loaded Objects now: 3861.
Total: 1.613250 ms (FindLiveObjects: 0.130250 ms CreateObjectMapping: 0.070833 ms MarkObjects: 1.331666 ms  DeleteObjects: 0.079834 ms)

========================================================================
Received Prepare
Registering precompiled user dll's ...
Registered in 0.015694 seconds.
Begin MonoManager ReloadAssembly
Symbol file LoadedFromMemory doesn't match image /Users/unnathy5108/Desktop/studyhabitsmultimedia/StudyHabits2d/Library/PackageCache/com.unity.visualscripting@1.6.1/Editor/VisualScripting.Core/Dependencies/YamlDotNet/Unity.VisualScripting.YamlDotNet.dll
Symbol file LoadedFromMemory doesn't match image /Users/unnathy5108/Desktop/studyhabitsmultimedia/StudyHabits2d/Library/PackageCache/com.unity.visualscripting@1.6.1/Editor/VisualScripting.Core/Dependencies/DotNetZip/Unity.VisualScripting.IonicZip.dll
Native extension for OSXStandalone target not found
Native extension for WebGL target not found
Refreshing native plugins compatible for Editor in 0.93 ms, found 2 plugins.
Preloading 0 native plugins for Editor in 0.00 ms.
Mono: successfully reloaded assembly
- Completed reload, in  2.044 seconds
Platform modules already initialized, skipping
Refreshing native plugins compatible for Editor in 0.54 ms, found 2 plugins.
Preloading 0 native plugins for Editor in 0.00 ms.
Unloading 3368 Unused Serialized files (Serialized files now loaded: 0)
System memory in use before: 281.4 MB.
System memory in use after: 281.5 MB.

Unloading 16 unused Assets to reduce memory usage. Loaded Objects now: 3865.
Total: 1.624042 ms (FindLiveObjects: 0.135375 ms CreateObjectMapping: 0.071500 ms MarkObjects: 1.333000 ms  DeleteObjects: 0.083375 ms)

========================================================================
Received Prepare
Registering precompiled user dll's ...
Registered in 0.023710 seconds.
Begin MonoManager ReloadAssembly
Symbol file LoadedFromMemory doesn't match image /Users/unnathy5108/Desktop/studyhabitsmultimedia/StudyHabits2d/Library/PackageCache/com.unity.visualscripting@1.6.1/Editor/VisualScripting.Core/Dependencies/YamlDotNet/Unity.VisualScripting.YamlDotNet.dll
Symbol file LoadedFromMemory doesn't match image /Users/unnathy5108/Desktop/studyhabitsmultimedia/StudyHabits2d/Library/PackageCache/com.unity.visualscripting@1.6.1/Editor/VisualScripting.Core/Dependencies/DotNetZip/Unity.VisualScripting.IonicZip.dll
Native extension for OSXStandalone target not found
Native extension for WebGL target not found
Refreshing native plugins compatible for Editor in 1.45 ms, found 2 plugins.
Preloading 0 native plugins for Editor in 0.00 ms.
Mono: successfully reloaded assembly
- Completed reload, in  2.074 seconds
Platform modules already initialized, skipping
Refreshing native plugins compatible for Editor in 0.53 ms, found 2 plugins.
Preloading 0 native plugins for Editor in 0.00 ms.
Unloading 3368 Unused Serialized files (Serialized files now loaded: 0)
System memory in use before: 281.6 MB.
System memory in use after: 281.7 MB.

Unloading 16 unused Assets to reduce memory usage. Loaded Objects now: 3869.
Total: 1.630500 ms (FindLiveObjects: 0.153875 ms CreateObjectMapping: 0.070917 ms MarkObjects: 1.325000 ms  DeleteObjects: 0.079875 ms)

========================================================================
Received Import Request.
  Time since last request: 1300.857084 seconds.
  path: Packages/com.unity.2d.spriteshape/Editor/ObjectMenuCreation/DefaultAssets/Sprite Shapes/Closed Sprite Shape.prefab
  artifactKey: Guid(c0583b4e855c74b8c82e7b9b5efb5ce9) Importer(815301076,1909f56bfc062723c751e8b465ee728b)
Start importing Packages/com.unity.2d.spriteshape/Editor/ObjectMenuCreation/DefaultAssets/Sprite Shapes/Closed Sprite Shape.prefab using Guid(c0583b4e855c74b8c82e7b9b5efb5ce9) Importer(815301076,1909f56bfc062723c751e8b465ee728b)  -> (artifact id: '224dcf8af930b56afe774afd5bc52eb2') in 0.465249 seconds 
========================================================================
Received Import Request.
  Time since last request: 0.000169 seconds.
  path: Packages/com.unity.2d.spriteshape/Editor/ObjectMenuCreation/DefaultAssets/Sprite Shapes/Open Sprite Shape.prefab
  artifactKey: Guid(86ae7de409eb54f619fb1328e4d42480) Importer(815301076,1909f56bfc062723c751e8b465ee728b)
Start importing Packages/com.unity.2d.spriteshape/Editor/ObjectMenuCreation/DefaultAssets/Sprite Shapes/Open Sprite Shape.prefab using Guid(86ae7de409eb54f619fb1328e4d42480) Importer(815301076,1909f56bfc062723c751e8b465ee728b)  -> (artifact id: 'b8d26290c9ad5ec76566a53b7859f1ae') in 0.006107 seconds 
========================================================================
Received Prepare
Registering precompiled user dll's ...
Registered in 0.016509 seconds.
Begin MonoManager ReloadAssembly
Symbol file LoadedFromMemory doesn't match image /Users/unnathy5108/Desktop/studyhabitsmultimedia/StudyHabits2d/Library/PackageCache/com.unity.visualscripting@1.6.1/Editor/VisualScripting.Core/Dependencies/YamlDotNet/Unity.VisualScripting.YamlDotNet.dll
Symbol file LoadedFromMemory doesn't match image /Users/unnathy5108/Desktop/studyhabitsmultimedia/StudyHabits2d/Library/PackageCache/com.unity.visualscripting@1.6.1/Editor/VisualScripting.Core/Dependencies/DotNetZip/Unity.VisualScripting.IonicZip.dll
Native extension for OSXStandalone target not found
Native extension for WebGL target not found
Refreshing native plugins compatible for Editor in 0.55 ms, found 2 plugins.
Preloading 0 native plugins for Editor in 0.00 ms.
Mono: successfully reloaded assembly
- Completed reload, in  1.995 seconds
Platform modules already initialized, skipping
Refreshing native plugins compatible for Editor in 0.61 ms, found 2 plugins.
Preloading 0 native plugins for Editor in 0.00 ms.
Unloading 3368 Unused Serialized files (Serialized files now loaded: 0)
System memory in use before: 286.2 MB.
System memory in use after: 286.3 MB.

Unloading 16 unused Assets to reduce memory usage. Loaded Objects now: 3873.
Total: 1.737125 ms (FindLiveObjects: 0.152667 ms CreateObjectMapping: 0.076750 ms MarkObjects: 1.419833 ms  DeleteObjects: 0.087042 ms)

========================================================================
Received Prepare
Registering precompiled user dll's ...
Registered in 0.018813 seconds.
Begin MonoManager ReloadAssembly
Symbol file LoadedFromMemory doesn't match image /Users/unnathy5108/Desktop/studyhabitsmultimedia/StudyHabits2d/Library/PackageCache/com.unity.visualscripting@1.6.1/Editor/VisualScripting.Core/Dependencies/YamlDotNet/Unity.VisualScripting.YamlDotNet.dll
Symbol file LoadedFromMemory doesn't match image /Users/unnathy5108/Desktop/studyhabitsmultimedia/StudyHabits2d/Library/PackageCache/com.unity.visualscripting@1.6.1/Editor/VisualScripting.Core/Dependencies/DotNetZip/Unity.VisualScripting.IonicZip.dll
Native extension for OSXStandalone target not found
Native extension for WebGL target not found
Refreshing native plugins compatible for Editor in 0.68 ms, found 2 plugins.
Preloading 0 native plugins for Editor in 0.00 ms.
Mono: successfully reloaded assembly
- Completed reload, in  2.073 seconds
Platform modules already initialized, skipping
Refreshing native plugins compatible for Editor in 0.57 ms, found 2 plugins.
Preloading 0 native plugins for Editor in 0.00 ms.
Unloading 3368 Unused Serialized files (Serialized files now loaded: 0)
System memory in use before: 286.4 MB.
System memory in use after: 286.5 MB.

Unloading 16 unused Assets to reduce memory usage. Loaded Objects now: 3877.
Total: 1.750625 ms (FindLiveObjects: 0.152083 ms CreateObjectMapping: 0.080125 ms MarkObjects: 1.428541 ms  DeleteObjects: 0.089084 ms)

========================================================================
Received Prepare
Registering precompiled user dll's ...
Registered in 0.045057 seconds.
Begin MonoManager ReloadAssembly
Symbol file LoadedFromMemory doesn't match image /Users/unnathy5108/Desktop/studyhabitsmultimedia/StudyHabits2d/Library/PackageCache/com.unity.visualscripting@1.6.1/Editor/VisualScripting.Core/Dependencies/YamlDotNet/Unity.VisualScripting.YamlDotNet.dll
Symbol file LoadedFromMemory doesn't match image /Users/unnathy5108/Desktop/studyhabitsmultimedia/StudyHabits2d/Library/PackageCache/com.unity.visualscripting@1.6.1/Editor/VisualScripting.Core/Dependencies/DotNetZip/Unity.VisualScripting.IonicZip.dll
Native extension for OSXStandalone target not found
Native extension for WebGL target not found
Refreshing native plugins compatible for Editor in 0.54 ms, found 2 plugins.
Preloading 0 native plugins for Editor in 0.00 ms.
Mono: successfully reloaded assembly
- Completed reload, in  1.976 seconds
Platform modules already initialized, skipping
Refreshing native plugins compatible for Editor in 0.48 ms, found 2 plugins.
Preloading 0 native plugins for Editor in 0.00 ms.
Unloading 3368 Unused Serialized files (Serialized files now loaded: 0)
System memory in use before: 286.6 MB.
System memory in use after: 286.7 MB.

Unloading 16 unused Assets to reduce memory usage. Loaded Objects now: 3881.
Total: 1.885084 ms (FindLiveObjects: 0.197625 ms CreateObjectMapping: 0.085250 ms MarkObjects: 1.512459 ms  DeleteObjects: 0.088958 ms)

========================================================================
Received Prepare
Registering precompiled user dll's ...
Registered in 0.016951 seconds.
Begin MonoManager ReloadAssembly
Symbol file LoadedFromMemory doesn't match image /Users/unnathy5108/Desktop/studyhabitsmultimedia/StudyHabits2d/Library/PackageCache/com.unity.visualscripting@1.6.1/Editor/VisualScripting.Core/Dependencies/YamlDotNet/Unity.VisualScripting.YamlDotNet.dll
Symbol file LoadedFromMemory doesn't match image /Users/unnathy5108/Desktop/studyhabitsmultimedia/StudyHabits2d/Library/PackageCache/com.unity.visualscripting@1.6.1/Editor/VisualScripting.Core/Dependencies/DotNetZip/Unity.VisualScripting.IonicZip.dll
Native extension for OSXStandalone target not found
Native extension for WebGL target not found
Refreshing native plugins compatible for Editor in 0.56 ms, found 2 plugins.
Preloading 0 native plugins for Editor in 0.00 ms.
Mono: successfully reloaded assembly
- Completed reload, in  2.018 seconds
Platform modules already initialized, skipping
Refreshing native plugins compatible for Editor in 0.53 ms, found 2 plugins.
Preloading 0 native plugins for Editor in 0.00 ms.
Unloading 3368 Unused Serialized files (Serialized files now loaded: 0)
System memory in use before: 286.9 MB.
System memory in use after: 287.0 MB.

Unloading 16 unused Assets to reduce memory usage. Loaded Objects now: 3885.
Total: 1.658208 ms (FindLiveObjects: 0.144250 ms CreateObjectMapping: 0.074125 ms MarkObjects: 1.354917 ms  DeleteObjects: 0.084083 ms)

========================================================================
Received Prepare
Registering precompiled user dll's ...
Registered in 0.014009 seconds.
Begin MonoManager ReloadAssembly
Symbol file LoadedFromMemory doesn't match image /Users/unnathy5108/Desktop/studyhabitsmultimedia/StudyHabits2d/Library/PackageCache/com.unity.visualscripting@1.6.1/Editor/VisualScripting.Core/Dependencies/YamlDotNet/Unity.VisualScripting.YamlDotNet.dll
Symbol file LoadedFromMemory doesn't match image /Users/unnathy5108/Desktop/studyhabitsmultimedia/StudyHabits2d/Library/PackageCache/com.unity.visualscripting@1.6.1/Editor/VisualScripting.Core/Dependencies/DotNetZip/Unity.VisualScripting.IonicZip.dll
Native extension for OSXStandalone target not found
Native extension for WebGL target not found
Refreshing native plugins compatible for Editor in 0.58 ms, found 2 plugins.
Preloading 0 native plugins for Editor in 0.00 ms.
Mono: successfully reloaded assembly
- Completed reload, in  2.035 seconds
Platform modules already initialized, skipping
Refreshing native plugins compatible for Editor in 0.55 ms, found 2 plugins.
Preloading 0 native plugins for Editor in 0.00 ms.
Unloading 3368 Unused Serialized files (Serialized files now loaded: 0)
System memory in use before: 287.1 MB.
System memory in use after: 287.2 MB.

Unloading 16 unused Assets to reduce memory usage. Loaded Objects now: 3889.
Total: 1.783542 ms (FindLiveObjects: 0.142792 ms CreateObjectMapping: 0.078125 ms MarkObjects: 1.479125 ms  DeleteObjects: 0.082667 ms)

========================================================================
Received Prepare
Registering precompiled user dll's ...
Registered in 0.017847 seconds.
Begin MonoManager ReloadAssembly
Symbol file LoadedFromMemory doesn't match image /Users/unnathy5108/Desktop/studyhabitsmultimedia/StudyHabits2d/Library/PackageCache/com.unity.visualscripting@1.6.1/Editor/VisualScripting.Core/Dependencies/YamlDotNet/Unity.VisualScripting.YamlDotNet.dll
Symbol file LoadedFromMemory doesn't match image /Users/unnathy5108/Desktop/studyhabitsmultimedia/StudyHabits2d/Library/PackageCache/com.unity.visualscripting@1.6.1/Editor/VisualScripting.Core/Dependencies/DotNetZip/Unity.VisualScripting.IonicZip.dll
Native extension for OSXStandalone target not found
Native extension for WebGL target not found
Refreshing native plugins compatible for Editor in 0.55 ms, found 2 plugins.
Preloading 0 native plugins for Editor in 0.00 ms.
Mono: successfully reloaded assembly
- Completed reload, in  2.000 seconds
Platform modules already initialized, skipping
Refreshing native plugins compatible for Editor in 0.53 ms, found 2 plugins.
Preloading 0 native plugins for Editor in 0.00 ms.
Unloading 3368 Unused Serialized files (Serialized files now loaded: 0)
System memory in use before: 287.3 MB.
System memory in use after: 287.4 MB.

Unloading 16 unused Assets to reduce memory usage. Loaded Objects now: 3893.
Total: 1.661334 ms (FindLiveObjects: 0.142916 ms CreateObjectMapping: 0.075625 ms MarkObjects: 1.355792 ms  DeleteObjects: 0.086375 ms)

========================================================================
Received Prepare
Registering precompiled user dll's ...
Registered in 0.021281 seconds.
Begin MonoManager ReloadAssembly
Symbol file LoadedFromMemory doesn't match image /Users/unnathy5108/Desktop/studyhabitsmultimedia/StudyHabits2d/Library/PackageCache/com.unity.visualscripting@1.6.1/Editor/VisualScripting.Core/Dependencies/YamlDotNet/Unity.VisualScripting.YamlDotNet.dll
Symbol file LoadedFromMemory doesn't match image /Users/unnathy5108/Desktop/studyhabitsmultimedia/StudyHabits2d/Library/PackageCache/com.unity.visualscripting@1.6.1/Editor/VisualScripting.Core/Dependencies/DotNetZip/Unity.VisualScripting.IonicZip.dll
Native extension for OSXStandalone target not found
Native extension for WebGL target not found
Refreshing native plugins compatible for Editor in 0.57 ms, found 2 plugins.
Preloading 0 native plugins for Editor in 0.00 ms.
Mono: successfully reloaded assembly
- Completed reload, in  2.049 seconds
Platform modules already initialized, skipping
Refreshing native plugins compatible for Editor in 0.58 ms, found 2 plugins.
Preloading 0 native plugins for Editor in 0.00 ms.
Unloading 3368 Unused Serialized files (Serialized files now loaded: 0)
System memory in use before: 287.5 MB.
System memory in use after: 287.6 MB.

Unloading 16 unused Assets to reduce memory usage. Loaded Objects now: 3897.
Total: 1.772959 ms (FindLiveObjects: 0.160500 ms CreateObjectMapping: 0.079417 ms MarkObjects: 1.437625 ms  DeleteObjects: 0.094500 ms)

========================================================================
Received Prepare
Registering precompiled user dll's ...
Registered in 0.017797 seconds.
Begin MonoManager ReloadAssembly
Symbol file LoadedFromMemory doesn't match image /Users/unnathy5108/Desktop/studyhabitsmultimedia/StudyHabits2d/Library/PackageCache/com.unity.visualscripting@1.6.1/Editor/VisualScripting.Core/Dependencies/YamlDotNet/Unity.VisualScripting.YamlDotNet.dll
Symbol file LoadedFromMemory doesn't match image /Users/unnathy5108/Desktop/studyhabitsmultimedia/StudyHabits2d/Library/PackageCache/com.unity.visualscripting@1.6.1/Editor/VisualScripting.Core/Dependencies/DotNetZip/Unity.VisualScripting.IonicZip.dll
Native extension for OSXStandalone target not found
Native extension for WebGL target not found
Refreshing native plugins compatible for Editor in 0.58 ms, found 2 plugins.
Preloading 0 native plugins for Editor in 0.00 ms.
Mono: successfully reloaded assembly
- Completed reload, in  2.031 seconds
Platform modules already initialized, skipping
Refreshing native plugins compatible for Editor in 0.54 ms, found 2 plugins.
Preloading 0 native plugins for Editor in 0.00 ms.
Unloading 3368 Unused Serialized files (Serialized files now loaded: 0)
System memory in use before: 287.8 MB.
System memory in use after: 287.9 MB.

Unloading 16 unused Assets to reduce memory usage. Loaded Objects now: 3901.
Total: 1.669500 ms (FindLiveObjects: 0.143375 ms CreateObjectMapping: 0.074792 ms MarkObjects: 1.364209 ms  DeleteObjects: 0.086250 ms)

========================================================================
Received Prepare
Registering precompiled user dll's ...
Registered in 0.019693 seconds.
Begin MonoManager ReloadAssembly
Symbol file LoadedFromMemory doesn't match image /Users/unnathy5108/Desktop/studyhabitsmultimedia/StudyHabits2d/Library/PackageCache/com.unity.visualscripting@1.6.1/Editor/VisualScripting.Core/Dependencies/YamlDotNet/Unity.VisualScripting.YamlDotNet.dll
Symbol file LoadedFromMemory doesn't match image /Users/unnathy5108/Desktop/studyhabitsmultimedia/StudyHabits2d/Library/PackageCache/com.unity.visualscripting@1.6.1/Editor/VisualScripting.Core/Dependencies/DotNetZip/Unity.VisualScripting.IonicZip.dll
Native extension for OSXStandalone target not found
Native extension for WebGL target not found
Refreshing native plugins compatible for Editor in 0.57 ms, found 2 plugins.
Preloading 0 native plugins for Editor in 0.00 ms.
Mono: successfully reloaded assembly
- Completed reload, in  2.035 seconds
Platform modules already initialized, skipping
Refreshing native plugins compatible for Editor in 0.58 ms, found 2 plugins.
Preloading 0 native plugins for Editor in 0.00 ms.
Unloading 3368 Unused Serialized files (Serialized files now loaded: 0)
System memory in use before: 288.0 MB.
System memory in use after: 288.1 MB.

Unloading 16 unused Assets to reduce memory usage. Loaded Objects now: 3905.
Total: 1.821542 ms (FindLiveObjects: 0.181875 ms CreateObjectMapping: 0.079042 ms MarkObjects: 1.476958 ms  DeleteObjects: 0.082916 ms)

========================================================================
Received Prepare
Registering precompiled user dll's ...
Registered in 0.016011 seconds.
Begin MonoManager ReloadAssembly
Symbol file LoadedFromMemory doesn't match image /Users/unnathy5108/Desktop/studyhabitsmultimedia/StudyHabits2d/Library/PackageCache/com.unity.visualscripting@1.6.1/Editor/VisualScripting.Core/Dependencies/YamlDotNet/Unity.VisualScripting.YamlDotNet.dll
Symbol file LoadedFromMemory doesn't match image /Users/unnathy5108/Desktop/studyhabitsmultimedia/StudyHabits2d/Library/PackageCache/com.unity.visualscripting@1.6.1/Editor/VisualScripting.Core/Dependencies/DotNetZip/Unity.VisualScripting.IonicZip.dll
Native extension for OSXStandalone target not found
Native extension for WebGL target not found
Refreshing native plugins compatible for Editor in 0.93 ms, found 2 plugins.
Preloading 0 native plugins for Editor in 0.00 ms.
Mono: successfully reloaded assembly
- Completed reload, in  2.092 seconds
Platform modules already initialized, skipping
Refreshing native plugins compatible for Editor in 0.53 ms, found 2 plugins.
Preloading 0 native plugins for Editor in 0.00 ms.
Unloading 3368 Unused Serialized files (Serialized files now loaded: 0)
System memory in use before: 288.2 MB.
System memory in use after: 288.3 MB.

Unloading 16 unused Assets to reduce memory usage. Loaded Objects now: 3909.
Total: 1.651708 ms (FindLiveObjects: 0.142333 ms CreateObjectMapping: 0.072417 ms MarkObjects: 1.349375 ms  DeleteObjects: 0.086875 ms)

========================================================================
Received Prepare
Registering precompiled user dll's ...
Registered in 0.020187 seconds.
Begin MonoManager ReloadAssembly
Symbol file LoadedFromMemory doesn't match image /Users/unnathy5108/Desktop/studyhabitsmultimedia/StudyHabits2d/Library/PackageCache/com.unity.visualscripting@1.6.1/Editor/VisualScripting.Core/Dependencies/YamlDotNet/Unity.VisualScripting.YamlDotNet.dll
Symbol file LoadedFromMemory doesn't match image /Users/unnathy5108/Desktop/studyhabitsmultimedia/StudyHabits2d/Library/PackageCache/com.unity.visualscripting@1.6.1/Editor/VisualScripting.Core/Dependencies/DotNetZip/Unity.VisualScripting.IonicZip.dll
Native extension for OSXStandalone target not found
Native extension for WebGL target not found
Refreshing native plugins compatible for Editor in 0.57 ms, found 2 plugins.
Preloading 0 native plugins for Editor in 0.00 ms.
Mono: successfully reloaded assembly
- Completed reload, in  2.104 seconds
Platform modules already initialized, skipping
Refreshing native plugins compatible for Editor in 0.52 ms, found 2 plugins.
Preloading 0 native plugins for Editor in 0.00 ms.
Unloading 3368 Unused Serialized files (Serialized files now loaded: 0)
System memory in use before: 288.4 MB.
System memory in use after: 288.6 MB.

Unloading 16 unused Assets to reduce memory usage. Loaded Objects now: 3913.
Total: 1.661500 ms (FindLiveObjects: 0.145625 ms CreateObjectMapping: 0.072625 ms MarkObjects: 1.359958 ms  DeleteObjects: 0.082375 ms)

========================================================================
Received Prepare
Registering precompiled user dll's ...
Registered in 0.017747 seconds.
Begin MonoManager ReloadAssembly
Symbol file LoadedFromMemory doesn't match image /Users/unnathy5108/Desktop/studyhabitsmultimedia/StudyHabits2d/Library/PackageCache/com.unity.visualscripting@1.6.1/Editor/VisualScripting.Core/Dependencies/YamlDotNet/Unity.VisualScripting.YamlDotNet.dll
Symbol file LoadedFromMemory doesn't match image /Users/unnathy5108/Desktop/studyhabitsmultimedia/StudyHabits2d/Library/PackageCache/com.unity.visualscripting@1.6.1/Editor/VisualScripting.Core/Dependencies/DotNetZip/Unity.VisualScripting.IonicZip.dll
Native extension for OSXStandalone target not found
Native extension for WebGL target not found
Refreshing native plugins compatible for Editor in 0.56 ms, found 2 plugins.
Preloading 0 native plugins for Editor in 0.00 ms.
Mono: successfully reloaded assembly
- Completed reload, in  2.022 seconds
Platform modules already initialized, skipping
Refreshing native plugins compatible for Editor in 0.58 ms, found 2 plugins.
Preloading 0 native plugins for Editor in 0.00 ms.
Unloading 3368 Unused Serialized files (Serialized files now loaded: 0)
System memory in use before: 288.7 MB.
System memory in use after: 288.8 MB.

Unloading 16 unused Assets to reduce memory usage. Loaded Objects now: 3917.
Total: 1.876125 ms (FindLiveObjects: 0.162334 ms CreateObjectMapping: 0.078542 ms MarkObjects: 1.537750 ms  DeleteObjects: 0.096542 ms)

========================================================================
Received Prepare
Registering precompiled user dll's ...
Registered in 0.016352 seconds.
Begin MonoManager ReloadAssembly
Symbol file LoadedFromMemory doesn't match image /Users/unnathy5108/Desktop/studyhabitsmultimedia/StudyHabits2d/Library/PackageCache/com.unity.visualscripting@1.6.1/Editor/VisualScripting.Core/Dependencies/YamlDotNet/Unity.VisualScripting.YamlDotNet.dll
Symbol file LoadedFromMemory doesn't match image /Users/unnathy5108/Desktop/studyhabitsmultimedia/StudyHabits2d/Library/PackageCache/com.unity.visualscripting@1.6.1/Editor/VisualScripting.Core/Dependencies/DotNetZip/Unity.VisualScripting.IonicZip.dll
Native extension for OSXStandalone target not found
Native extension for WebGL target not found
Refreshing native plugins compatible for Editor in 0.81 ms, found 2 plugins.
Preloading 0 native plugins for Editor in 0.00 ms.
Mono: successfully reloaded assembly
- Completed reload, in  2.098 seconds
Platform modules already initialized, skipping
Refreshing native plugins compatible for Editor in 0.58 ms, found 2 plugins.
Preloading 0 native plugins for Editor in 0.00 ms.
Unloading 3368 Unused Serialized files (Serialized files now loaded: 0)
System memory in use before: 288.9 MB.
System memory in use after: 289.0 MB.

Unloading 16 unused Assets to reduce memory usage. Loaded Objects now: 3921.
Total: 1.734083 ms (FindLiveObjects: 0.196500 ms CreateObjectMapping: 0.076708 ms MarkObjects: 1.377917 ms  DeleteObjects: 0.082166 ms)

========================================================================
Received Prepare
Registering precompiled user dll's ...
Registered in 0.017692 seconds.
Begin MonoManager ReloadAssembly
Symbol file LoadedFromMemory doesn't match image /Users/unnathy5108/Desktop/studyhabitsmultimedia/StudyHabits2d/Library/PackageCache/com.unity.visualscripting@1.6.1/Editor/VisualScripting.Core/Dependencies/YamlDotNet/Unity.VisualScripting.YamlDotNet.dll
Symbol file LoadedFromMemory doesn't match image /Users/unnathy5108/Desktop/studyhabitsmultimedia/StudyHabits2d/Library/PackageCache/com.unity.visualscripting@1.6.1/Editor/VisualScripting.Core/Dependencies/DotNetZip/Unity.VisualScripting.IonicZip.dll
Native extension for OSXStandalone target not found
Native extension for WebGL target not found
Refreshing native plugins compatible for Editor in 0.58 ms, found 2 plugins.
Preloading 0 native plugins for Editor in 0.00 ms.
Mono: successfully reloaded assembly
- Completed reload, in  2.044 seconds
Platform modules already initialized, skipping
Refreshing native plugins compatible for Editor in 0.56 ms, found 2 plugins.
Preloading 0 native plugins for Editor in 0.00 ms.
Unloading 3368 Unused Serialized files (Serialized files now loaded: 0)
System memory in use before: 289.1 MB.
System memory in use after: 289.2 MB.

Unloading 16 unused Assets to reduce memory usage. Loaded Objects now: 3925.
Total: 1.809333 ms (FindLiveObjects: 0.175708 ms CreateObjectMapping: 0.081375 ms MarkObjects: 1.465333 ms  DeleteObjects: 0.086209 ms)

========================================================================
Received Prepare
Registering precompiled user dll's ...
Registered in 0.017405 seconds.
Begin MonoManager ReloadAssembly
Symbol file LoadedFromMemory doesn't match image /Users/unnathy5108/Desktop/studyhabitsmultimedia/StudyHabits2d/Library/PackageCache/com.unity.visualscripting@1.6.1/Editor/VisualScripting.Core/Dependencies/YamlDotNet/Unity.VisualScripting.YamlDotNet.dll
Symbol file LoadedFromMemory doesn't match image /Users/unnathy5108/Desktop/studyhabitsmultimedia/StudyHabits2d/Library/PackageCache/com.unity.visualscripting@1.6.1/Editor/VisualScripting.Core/Dependencies/DotNetZip/Unity.VisualScripting.IonicZip.dll
Native extension for OSXStandalone target not found
Native extension for WebGL target not found
Refreshing native plugins compatible for Editor in 1.06 ms, found 2 plugins.
Preloading 0 native plugins for Editor in 0.00 ms.
Mono: successfully reloaded assembly
- Completed reload, in  2.023 seconds
Platform modules already initialized, skipping
Refreshing native plugins compatible for Editor in 0.75 ms, found 2 plugins.
Preloading 0 native plugins for Editor in 0.00 ms.
Unloading 3368 Unused Serialized files (Serialized files now loaded: 0)
System memory in use before: 289.3 MB.
System memory in use after: 289.5 MB.

Unloading 16 unused Assets to reduce memory usage. Loaded Objects now: 3929.
Total: 1.828667 ms (FindLiveObjects: 0.163500 ms CreateObjectMapping: 0.081000 ms MarkObjects: 1.496042 ms  DeleteObjects: 0.087083 ms)

========================================================================
Received Import Request.
  Time since last request: 897.171086 seconds.
  path: Assets/Scripts/MugController.cs
  artifactKey: Guid(088621da3f530451784cfedc3117f3d4) Importer(815301076,1909f56bfc062723c751e8b465ee728b)
Start importing Assets/Scripts/MugController.cs using Guid(088621da3f530451784cfedc3117f3d4) Importer(815301076,1909f56bfc062723c751e8b465ee728b)  -> (artifact id: '365ee849235a60e74280bc8495ad0066') in 0.008335 seconds 
========================================================================
Received Prepare
Registering precompiled user dll's ...
Registered in 0.016440 seconds.
Begin MonoManager ReloadAssembly
Symbol file LoadedFromMemory doesn't match image /Users/unnathy5108/Desktop/studyhabitsmultimedia/StudyHabits2d/Library/PackageCache/com.unity.visualscripting@1.6.1/Editor/VisualScripting.Core/Dependencies/YamlDotNet/Unity.VisualScripting.YamlDotNet.dll
Symbol file LoadedFromMemory doesn't match image /Users/unnathy5108/Desktop/studyhabitsmultimedia/StudyHabits2d/Library/PackageCache/com.unity.visualscripting@1.6.1/Editor/VisualScripting.Core/Dependencies/DotNetZip/Unity.VisualScripting.IonicZip.dll
Native extension for OSXStandalone target not found
Native extension for WebGL target not found
Refreshing native plugins compatible for Editor in 0.60 ms, found 2 plugins.
Preloading 0 native plugins for Editor in 0.00 ms.
Mono: successfully reloaded assembly
- Completed reload, in  2.012 seconds
Platform modules already initialized, skipping
Refreshing native plugins compatible for Editor in 0.55 ms, found 2 plugins.
Preloading 0 native plugins for Editor in 0.00 ms.
Unloading 3368 Unused Serialized files (Serialized files now loaded: 0)
System memory in use before: 289.6 MB.
System memory in use after: 289.7 MB.

Unloading 16 unused Assets to reduce memory usage. Loaded Objects now: 3933.
Total: 1.779250 ms (FindLiveObjects: 0.165750 ms CreateObjectMapping: 0.081042 ms MarkObjects: 1.447166 ms  DeleteObjects: 0.084417 ms)

========================================================================
Received Prepare
Registering precompiled user dll's ...
Registered in 0.046997 seconds.
Begin MonoManager ReloadAssembly
Symbol file LoadedFromMemory doesn't match image /Users/unnathy5108/Desktop/studyhabitsmultimedia/StudyHabits2d/Library/PackageCache/com.unity.visualscripting@1.6.1/Editor/VisualScripting.Core/Dependencies/YamlDotNet/Unity.VisualScripting.YamlDotNet.dll
Symbol file LoadedFromMemory doesn't match image /Users/unnathy5108/Desktop/studyhabitsmultimedia/StudyHabits2d/Library/PackageCache/com.unity.visualscripting@1.6.1/Editor/VisualScripting.Core/Dependencies/DotNetZip/Unity.VisualScripting.IonicZip.dll
Native extension for OSXStandalone target not found
Native extension for WebGL target not found
Refreshing native plugins compatible for Editor in 0.54 ms, found 2 plugins.
Preloading 0 native plugins for Editor in 0.00 ms.
Mono: successfully reloaded assembly
- Completed reload, in  2.011 seconds
Platform modules already initialized, skipping
Refreshing native plugins compatible for Editor in 0.53 ms, found 2 plugins.
Preloading 0 native plugins for Editor in 0.00 ms.
Unloading 3368 Unused Serialized files (Serialized files now loaded: 0)
System memory in use before: 289.8 MB.
System memory in use after: 289.9 MB.

Unloading 16 unused Assets to reduce memory usage. Loaded Objects now: 3937.
Total: 1.648666 ms (FindLiveObjects: 0.153958 ms CreateObjectMapping: 0.073916 ms MarkObjects: 1.337958 ms  DeleteObjects: 0.082000 ms)

========================================================================
Received Prepare
Registering precompiled user dll's ...
Registered in 0.019246 seconds.
Begin MonoManager ReloadAssembly
Symbol file LoadedFromMemory doesn't match image /Users/unnathy5108/Desktop/studyhabitsmultimedia/StudyHabits2d/Library/PackageCache/com.unity.visualscripting@1.6.1/Editor/VisualScripting.Core/Dependencies/YamlDotNet/Unity.VisualScripting.YamlDotNet.dll
Symbol file LoadedFromMemory doesn't match image /Users/unnathy5108/Desktop/studyhabitsmultimedia/StudyHabits2d/Library/PackageCache/com.unity.visualscripting@1.6.1/Editor/VisualScripting.Core/Dependencies/DotNetZip/Unity.VisualScripting.IonicZip.dll
Native extension for OSXStandalone target not found
Native extension for WebGL target not found
Refreshing native plugins compatible for Editor in 1.19 ms, found 2 plugins.
Preloading 0 native plugins for Editor in 0.00 ms.
Mono: successfully reloaded assembly
- Completed reload, in  2.101 seconds
Platform modules already initialized, skipping
Refreshing native plugins compatible for Editor in 0.86 ms, found 2 plugins.
Preloading 0 native plugins for Editor in 0.00 ms.
Unloading 3368 Unused Serialized files (Serialized files now loaded: 0)
System memory in use before: 290.0 MB.
System memory in use after: 290.1 MB.

Unloading 16 unused Assets to reduce memory usage. Loaded Objects now: 3941.
Total: 1.951292 ms (FindLiveObjects: 0.190542 ms CreateObjectMapping: 0.079500 ms MarkObjects: 1.583875 ms  DeleteObjects: 0.096375 ms)

========================================================================
Received Prepare
Registering precompiled user dll's ...
Registered in 0.016013 seconds.
Begin MonoManager ReloadAssembly
Symbol file LoadedFromMemory doesn't match image /Users/unnathy5108/Desktop/studyhabitsmultimedia/StudyHabits2d/Library/PackageCache/com.unity.visualscripting@1.6.1/Editor/VisualScripting.Core/Dependencies/YamlDotNet/Unity.VisualScripting.YamlDotNet.dll
Symbol file LoadedFromMemory doesn't match image /Users/unnathy5108/Desktop/studyhabitsmultimedia/StudyHabits2d/Library/PackageCache/com.unity.visualscripting@1.6.1/Editor/VisualScripting.Core/Dependencies/DotNetZip/Unity.VisualScripting.IonicZip.dll
Native extension for OSXStandalone target not found
Native extension for WebGL target not found
Refreshing native plugins compatible for Editor in 0.58 ms, found 2 plugins.
Preloading 0 native plugins for Editor in 0.00 ms.
Mono: successfully reloaded assembly
- Completed reload, in  1.998 seconds
Platform modules already initialized, skipping
Refreshing native plugins compatible for Editor in 0.57 ms, found 2 plugins.
Preloading 0 native plugins for Editor in 0.00 ms.
Unloading 3368 Unused Serialized files (Serialized files now loaded: 0)
System memory in use before: 290.3 MB.
System memory in use after: 290.4 MB.

Unloading 16 unused Assets to reduce memory usage. Loaded Objects now: 3945.
Total: 1.763459 ms (FindLiveObjects: 0.174167 ms CreateObjectMapping: 0.078459 ms MarkObjects: 1.425834 ms  DeleteObjects: 0.084208 ms)

========================================================================
Received Prepare
Registering precompiled user dll's ...
Registered in 0.018699 seconds.
Begin MonoManager ReloadAssembly
Symbol file LoadedFromMemory doesn't match image /Users/unnathy5108/Desktop/studyhabitsmultimedia/StudyHabits2d/Library/PackageCache/com.unity.visualscripting@1.6.1/Editor/VisualScripting.Core/Dependencies/YamlDotNet/Unity.VisualScripting.YamlDotNet.dll
Symbol file LoadedFromMemory doesn't match image /Users/unnathy5108/Desktop/studyhabitsmultimedia/StudyHabits2d/Library/PackageCache/com.unity.visualscripting@1.6.1/Editor/VisualScripting.Core/Dependencies/DotNetZip/Unity.VisualScripting.IonicZip.dll
Native extension for OSXStandalone target not found
Native extension for WebGL target not found
Refreshing native plugins compatible for Editor in 1.02 ms, found 2 plugins.
Preloading 0 native plugins for Editor in 0.00 ms.
Mono: successfully reloaded assembly
- Completed reload, in  2.032 seconds
Platform modules already initialized, skipping
Refreshing native plugins compatible for Editor in 0.56 ms, found 2 plugins.
Preloading 0 native plugins for Editor in 0.00 ms.
Unloading 3368 Unused Serialized files (Serialized files now loaded: 0)
System memory in use before: 290.5 MB.
System memory in use after: 290.6 MB.

Unloading 16 unused Assets to reduce memory usage. Loaded Objects now: 3949.
Total: 1.765458 ms (FindLiveObjects: 0.175917 ms CreateObjectMapping: 0.078209 ms MarkObjects: 1.426625 ms  DeleteObjects: 0.083875 ms)

========================================================================
Received Prepare
Registering precompiled user dll's ...
Registered in 0.042407 seconds.
Begin MonoManager ReloadAssembly
Symbol file LoadedFromMemory doesn't match image /Users/unnathy5108/Desktop/studyhabitsmultimedia/StudyHabits2d/Library/PackageCache/com.unity.visualscripting@1.6.1/Editor/VisualScripting.Core/Dependencies/YamlDotNet/Unity.VisualScripting.YamlDotNet.dll
Symbol file LoadedFromMemory doesn't match image /Users/unnathy5108/Desktop/studyhabitsmultimedia/StudyHabits2d/Library/PackageCache/com.unity.visualscripting@1.6.1/Editor/VisualScripting.Core/Dependencies/DotNetZip/Unity.VisualScripting.IonicZip.dll
Native extension for OSXStandalone target not found
Native extension for WebGL target not found
Refreshing native plugins compatible for Editor in 0.68 ms, found 2 plugins.
Preloading 0 native plugins for Editor in 0.00 ms.
Mono: successfully reloaded assembly
- Completed reload, in  1.972 seconds
Platform modules already initialized, skipping
Refreshing native plugins compatible for Editor in 0.55 ms, found 2 plugins.
Preloading 0 native plugins for Editor in 0.00 ms.
Unloading 3368 Unused Serialized files (Serialized files now loaded: 0)
System memory in use before: 290.7 MB.
System memory in use after: 290.8 MB.

Unloading 16 unused Assets to reduce memory usage. Loaded Objects now: 3953.
Total: 1.649583 ms (FindLiveObjects: 0.146458 ms CreateObjectMapping: 0.075000 ms MarkObjects: 1.349291 ms  DeleteObjects: 0.078042 ms)

========================================================================
Received Prepare
Registering precompiled user dll's ...
Registered in 0.016509 seconds.
Begin MonoManager ReloadAssembly
Symbol file LoadedFromMemory doesn't match image /Users/unnathy5108/Desktop/studyhabitsmultimedia/StudyHabits2d/Library/PackageCache/com.unity.visualscripting@1.6.1/Editor/VisualScripting.Core/Dependencies/YamlDotNet/Unity.VisualScripting.YamlDotNet.dll
Symbol file LoadedFromMemory doesn't match image /Users/unnathy5108/Desktop/studyhabitsmultimedia/StudyHabits2d/Library/PackageCache/com.unity.visualscripting@1.6.1/Editor/VisualScripting.Core/Dependencies/DotNetZip/Unity.VisualScripting.IonicZip.dll
Native extension for OSXStandalone target not found
Native extension for WebGL target not found
Refreshing native plugins compatible for Editor in 0.67 ms, found 2 plugins.
Preloading 0 native plugins for Editor in 0.00 ms.
Mono: successfully reloaded assembly
- Completed reload, in  2.002 seconds
Platform modules already initialized, skipping
Refreshing native plugins compatible for Editor in 0.56 ms, found 2 plugins.
Preloading 0 native plugins for Editor in 0.00 ms.
Unloading 3368 Unused Serialized files (Serialized files now loaded: 0)
System memory in use before: 290.9 MB.
System memory in use after: 291.0 MB.

Unloading 16 unused Assets to reduce memory usage. Loaded Objects now: 3957.
Total: 1.816209 ms (FindLiveObjects: 0.166542 ms CreateObjectMapping: 0.079208 ms MarkObjects: 1.486708 ms  DeleteObjects: 0.082834 ms)

========================================================================
Received Prepare
Registering precompiled user dll's ...
Registered in 0.021886 seconds.
Begin MonoManager ReloadAssembly
Symbol file LoadedFromMemory doesn't match image /Users/unnathy5108/Desktop/studyhabitsmultimedia/StudyHabits2d/Library/PackageCache/com.unity.visualscripting@1.6.1/Editor/VisualScripting.Core/Dependencies/YamlDotNet/Unity.VisualScripting.YamlDotNet.dll
Symbol file LoadedFromMemory doesn't match image /Users/unnathy5108/Desktop/studyhabitsmultimedia/StudyHabits2d/Library/PackageCache/com.unity.visualscripting@1.6.1/Editor/VisualScripting.Core/Dependencies/DotNetZip/Unity.VisualScripting.IonicZip.dll
Native extension for OSXStandalone target not found
Native extension for WebGL target not found
Refreshing native plugins compatible for Editor in 1.01 ms, found 2 plugins.
Preloading 0 native plugins for Editor in 0.00 ms.
Mono: successfully reloaded assembly
- Completed reload, in  2.126 seconds
Platform modules already initialized, skipping
Refreshing native plugins compatible for Editor in 0.66 ms, found 2 plugins.
Preloading 0 native plugins for Editor in 0.00 ms.
Unloading 3368 Unused Serialized files (Serialized files now loaded: 0)
System memory in use before: 291.2 MB.
System memory in use after: 291.3 MB.

Unloading 16 unused Assets to reduce memory usage. Loaded Objects now: 3961.
Total: 1.884000 ms (FindLiveObjects: 0.174583 ms CreateObjectMapping: 0.077667 ms MarkObjects: 1.534083 ms  DeleteObjects: 0.096834 ms)

========================================================================
Received Prepare
Registering precompiled user dll's ...
Registered in 0.016898 seconds.
Begin MonoManager ReloadAssembly
Symbol file LoadedFromMemory doesn't match image /Users/unnathy5108/Desktop/studyhabitsmultimedia/StudyHabits2d/Library/PackageCache/com.unity.visualscripting@1.6.1/Editor/VisualScripting.Core/Dependencies/YamlDotNet/Unity.VisualScripting.YamlDotNet.dll
Symbol file LoadedFromMemory doesn't match image /Users/unnathy5108/Desktop/studyhabitsmultimedia/StudyHabits2d/Library/PackageCache/com.unity.visualscripting@1.6.1/Editor/VisualScripting.Core/Dependencies/DotNetZip/Unity.VisualScripting.IonicZip.dll
Native extension for OSXStandalone target not found
Native extension for WebGL target not found
Refreshing native plugins compatible for Editor in 0.97 ms, found 2 plugins.
Preloading 0 native plugins for Editor in 0.00 ms.
Mono: successfully reloaded assembly
- Completed reload, in  2.049 seconds
Platform modules already initialized, skipping
Refreshing native plugins compatible for Editor in 0.56 ms, found 2 plugins.
Preloading 0 native plugins for Editor in 0.00 ms.
Unloading 3368 Unused Serialized files (Serialized files now loaded: 0)
System memory in use before: 291.4 MB.
System memory in use after: 291.5 MB.

Unloading 16 unused Assets to reduce memory usage. Loaded Objects now: 3965.
Total: 1.752500 ms (FindLiveObjects: 0.163458 ms CreateObjectMapping: 0.077291 ms MarkObjects: 1.428459 ms  DeleteObjects: 0.082500 ms)

========================================================================
Received Prepare
Registering precompiled user dll's ...
Registered in 0.017355 seconds.
Begin MonoManager ReloadAssembly
Symbol file LoadedFromMemory doesn't match image /Users/unnathy5108/Desktop/studyhabitsmultimedia/StudyHabits2d/Library/PackageCache/com.unity.visualscripting@1.6.1/Editor/VisualScripting.Core/Dependencies/YamlDotNet/Unity.VisualScripting.YamlDotNet.dll
Symbol file LoadedFromMemory doesn't match image /Users/unnathy5108/Desktop/studyhabitsmultimedia/StudyHabits2d/Library/PackageCache/com.unity.visualscripting@1.6.1/Editor/VisualScripting.Core/Dependencies/DotNetZip/Unity.VisualScripting.IonicZip.dll
Native extension for OSXStandalone target not found
Native extension for WebGL target not found
Refreshing native plugins compatible for Editor in 1.13 ms, found 2 plugins.
Preloading 0 native plugins for Editor in 0.00 ms.
Mono: successfully reloaded assembly
- Completed reload, in  2.107 seconds
Platform modules already initialized, skipping
Refreshing native plugins compatible for Editor in 0.56 ms, found 2 plugins.
Preloading 0 native plugins for Editor in 0.00 ms.
Unloading 3368 Unused Serialized files (Serialized files now loaded: 0)
System memory in use before: 291.7 MB.
System memory in use after: 291.8 MB.

Unloading 16 unused Assets to reduce memory usage. Loaded Objects now: 3969.
Total: 1.837250 ms (FindLiveObjects: 0.186458 ms CreateObjectMapping: 0.083375 ms MarkObjects: 1.482083 ms  DeleteObjects: 0.084541 ms)

========================================================================
Received Prepare
Registering precompiled user dll's ...
Registered in 0.016397 seconds.
Begin MonoManager ReloadAssembly
Symbol file LoadedFromMemory doesn't match image /Users/unnathy5108/Desktop/studyhabitsmultimedia/StudyHabits2d/Library/PackageCache/com.unity.visualscripting@1.6.1/Editor/VisualScripting.Core/Dependencies/YamlDotNet/Unity.VisualScripting.YamlDotNet.dll
Symbol file LoadedFromMemory doesn't match image /Users/unnathy5108/Desktop/studyhabitsmultimedia/StudyHabits2d/Library/PackageCache/com.unity.visualscripting@1.6.1/Editor/VisualScripting.Core/Dependencies/DotNetZip/Unity.VisualScripting.IonicZip.dll
Native extension for OSXStandalone target not found
Native extension for WebGL target not found
Refreshing native plugins compatible for Editor in 1.03 ms, found 2 plugins.
Preloading 0 native plugins for Editor in 0.00 ms.
Mono: successfully reloaded assembly
- Completed reload, in  2.061 seconds
Platform modules already initialized, skipping
Refreshing native plugins compatible for Editor in 0.57 ms, found 2 plugins.
Preloading 0 native plugins for Editor in 0.00 ms.
Unloading 3368 Unused Serialized files (Serialized files now loaded: 0)
System memory in use before: 291.9 MB.
System memory in use after: 292.0 MB.

Unloading 16 unused Assets to reduce memory usage. Loaded Objects now: 3973.
Total: 1.803875 ms (FindLiveObjects: 0.176833 ms CreateObjectMapping: 0.079625 ms MarkObjects: 1.458292 ms  DeleteObjects: 0.088208 ms)

========================================================================
Received Prepare
Registering precompiled user dll's ...
Registered in 0.016506 seconds.
Begin MonoManager ReloadAssembly
Symbol file LoadedFromMemory doesn't match image /Users/unnathy5108/Desktop/studyhabitsmultimedia/StudyHabits2d/Library/PackageCache/com.unity.visualscripting@1.6.1/Editor/VisualScripting.Core/Dependencies/YamlDotNet/Unity.VisualScripting.YamlDotNet.dll
Symbol file LoadedFromMemory doesn't match image /Users/unnathy5108/Desktop/studyhabitsmultimedia/StudyHabits2d/Library/PackageCache/com.unity.visualscripting@1.6.1/Editor/VisualScripting.Core/Dependencies/DotNetZip/Unity.VisualScripting.IonicZip.dll
Native extension for OSXStandalone target not found
Native extension for WebGL target not found
Refreshing native plugins compatible for Editor in 0.58 ms, found 2 plugins.
Preloading 0 native plugins for Editor in 0.00 ms.
Mono: successfully reloaded assembly
- Completed reload, in  2.033 seconds
Platform modules already initialized, skipping
Refreshing native plugins compatible for Editor in 0.57 ms, found 2 plugins.
Preloading 0 native plugins for Editor in 0.00 ms.
Unloading 3368 Unused Serialized files (Serialized files now loaded: 0)
System memory in use before: 292.1 MB.
System memory in use after: 292.2 MB.

Unloading 16 unused Assets to reduce memory usage. Loaded Objects now: 3977.
Total: 1.783875 ms (FindLiveObjects: 0.167500 ms CreateObjectMapping: 0.076625 ms MarkObjects: 1.454708 ms  DeleteObjects: 0.084250 ms)

========================================================================
Received Prepare
Registering precompiled user dll's ...
Registered in 0.019973 seconds.
Begin MonoManager ReloadAssembly
Symbol file LoadedFromMemory doesn't match image /Users/unnathy5108/Desktop/studyhabitsmultimedia/StudyHabits2d/Library/PackageCache/com.unity.visualscripting@1.6.1/Editor/VisualScripting.Core/Dependencies/YamlDotNet/Unity.VisualScripting.YamlDotNet.dll
Symbol file LoadedFromMemory doesn't match image /Users/unnathy5108/Desktop/studyhabitsmultimedia/StudyHabits2d/Library/PackageCache/com.unity.visualscripting@1.6.1/Editor/VisualScripting.Core/Dependencies/DotNetZip/Unity.VisualScripting.IonicZip.dll
Native extension for OSXStandalone target not found
Native extension for WebGL target not found
Refreshing native plugins compatible for Editor in 1.09 ms, found 2 plugins.
Preloading 0 native plugins for Editor in 0.00 ms.
Mono: successfully reloaded assembly
- Completed reload, in  2.054 seconds
Platform modules already initialized, skipping
Refreshing native plugins compatible for Editor in 0.54 ms, found 2 plugins.
Preloading 0 native plugins for Editor in 0.00 ms.
Unloading 3368 Unused Serialized files (Serialized files now loaded: 0)
System memory in use before: 292.3 MB.
System memory in use after: 292.4 MB.

Unloading 16 unused Assets to reduce memory usage. Loaded Objects now: 3981.
Total: 1.687375 ms (FindLiveObjects: 0.144833 ms CreateObjectMapping: 0.073792 ms MarkObjects: 1.387417 ms  DeleteObjects: 0.080500 ms)

========================================================================
Received Prepare
Registering precompiled user dll's ...
Registered in 0.016051 seconds.
Begin MonoManager ReloadAssembly
Symbol file LoadedFromMemory doesn't match image /Users/unnathy5108/Desktop/studyhabitsmultimedia/StudyHabits2d/Library/PackageCache/com.unity.visualscripting@1.6.1/Editor/VisualScripting.Core/Dependencies/YamlDotNet/Unity.VisualScripting.YamlDotNet.dll
Symbol file LoadedFromMemory doesn't match image /Users/unnathy5108/Desktop/studyhabitsmultimedia/StudyHabits2d/Library/PackageCache/com.unity.visualscripting@1.6.1/Editor/VisualScripting.Core/Dependencies/DotNetZip/Unity.VisualScripting.IonicZip.dll
Native extension for OSXStandalone target not found
Native extension for WebGL target not found
Refreshing native plugins compatible for Editor in 0.57 ms, found 2 plugins.
Preloading 0 native plugins for Editor in 0.00 ms.
Mono: successfully reloaded assembly
- Completed reload, in  2.074 seconds
Platform modules already initialized, skipping
Refreshing native plugins compatible for Editor in 0.58 ms, found 2 plugins.
Preloading 0 native plugins for Editor in 0.00 ms.
Unloading 3368 Unused Serialized files (Serialized files now loaded: 0)
System memory in use before: 292.6 MB.
System memory in use after: 292.7 MB.

Unloading 16 unused Assets to reduce memory usage. Loaded Objects now: 3985.
Total: 1.686292 ms (FindLiveObjects: 0.150167 ms CreateObjectMapping: 0.076166 ms MarkObjects: 1.376209 ms  DeleteObjects: 0.083000 ms)

========================================================================
Received Prepare
Registering precompiled user dll's ...
Registered in 0.021089 seconds.
Begin MonoManager ReloadAssembly
Symbol file LoadedFromMemory doesn't match image /Users/unnathy5108/Desktop/studyhabitsmultimedia/StudyHabits2d/Library/PackageCache/com.unity.visualscripting@1.6.1/Editor/VisualScripting.Core/Dependencies/YamlDotNet/Unity.VisualScripting.YamlDotNet.dll
Symbol file LoadedFromMemory doesn't match image /Users/unnathy5108/Desktop/studyhabitsmultimedia/StudyHabits2d/Library/PackageCache/com.unity.visualscripting@1.6.1/Editor/VisualScripting.Core/Dependencies/DotNetZip/Unity.VisualScripting.IonicZip.dll
Native extension for OSXStandalone target not found
Native extension for WebGL target not found
Refreshing native plugins compatible for Editor in 1.01 ms, found 2 plugins.
Preloading 0 native plugins for Editor in 0.00 ms.
Mono: successfully reloaded assembly
- Completed reload, in  2.125 seconds
Platform modules already initialized, skipping
Refreshing native plugins compatible for Editor in 0.57 ms, found 2 plugins.
Preloading 0 native plugins for Editor in 0.00 ms.
Unloading 3368 Unused Serialized files (Serialized files now loaded: 0)
System memory in use before: 292.8 MB.
System memory in use after: 292.9 MB.

Unloading 16 unused Assets to reduce memory usage. Loaded Objects now: 3989.
Total: 1.909333 ms (FindLiveObjects: 0.182958 ms CreateObjectMapping: 0.082625 ms MarkObjects: 1.546500 ms  DeleteObjects: 0.096541 ms)

========================================================================
Received Prepare
Registering precompiled user dll's ...
Registered in 0.026110 seconds.
Begin MonoManager ReloadAssembly
Symbol file LoadedFromMemory doesn't match image /Users/unnathy5108/Desktop/studyhabitsmultimedia/StudyHabits2d/Library/PackageCache/com.unity.visualscripting@1.6.1/Editor/VisualScripting.Core/Dependencies/YamlDotNet/Unity.VisualScripting.YamlDotNet.dll
Symbol file LoadedFromMemory doesn't match image /Users/unnathy5108/Desktop/studyhabitsmultimedia/StudyHabits2d/Library/PackageCache/com.unity.visualscripting@1.6.1/Editor/VisualScripting.Core/Dependencies/DotNetZip/Unity.VisualScripting.IonicZip.dll
Native extension for OSXStandalone target not found
Native extension for WebGL target not found
Refreshing native plugins compatible for Editor in 0.58 ms, found 2 plugins.
Preloading 0 native plugins for Editor in 0.00 ms.
Mono: successfully reloaded assembly
- Completed reload, in  2.045 seconds
Platform modules already initialized, skipping
Refreshing native plugins compatible for Editor in 0.55 ms, found 2 plugins.
Preloading 0 native plugins for Editor in 0.00 ms.
Unloading 3368 Unused Serialized files (Serialized files now loaded: 0)
System memory in use before: 293.0 MB.
System memory in use after: 293.1 MB.

Unloading 16 unused Assets to reduce memory usage. Loaded Objects now: 3993.
Total: 1.965458 ms (FindLiveObjects: 0.234208 ms CreateObjectMapping: 0.086291 ms MarkObjects: 1.547167 ms  DeleteObjects: 0.096666 ms)

========================================================================
Received Prepare
Registering precompiled user dll's ...
Registered in 0.017241 seconds.
Begin MonoManager ReloadAssembly
Symbol file LoadedFromMemory doesn't match image /Users/unnathy5108/Desktop/studyhabitsmultimedia/StudyHabits2d/Library/PackageCache/com.unity.visualscripting@1.6.1/Editor/VisualScripting.Core/Dependencies/YamlDotNet/Unity.VisualScripting.YamlDotNet.dll
Symbol file LoadedFromMemory doesn't match image /Users/unnathy5108/Desktop/studyhabitsmultimedia/StudyHabits2d/Library/PackageCache/com.unity.visualscripting@1.6.1/Editor/VisualScripting.Core/Dependencies/DotNetZip/Unity.VisualScripting.IonicZip.dll
Native extension for OSXStandalone target not found
Native extension for WebGL target not found
Refreshing native plugins compatible for Editor in 0.89 ms, found 2 plugins.
Preloading 0 native plugins for Editor in 0.00 ms.
Mono: successfully reloaded assembly
- Completed reload, in  2.059 seconds
Platform modules already initialized, skipping
Refreshing native plugins compatible for Editor in 0.56 ms, found 2 plugins.
Preloading 0 native plugins for Editor in 0.00 ms.
Unloading 3368 Unused Serialized files (Serialized files now loaded: 0)
System memory in use before: 293.2 MB.
System memory in use after: 293.3 MB.

Unloading 16 unused Assets to reduce memory usage. Loaded Objects now: 3997.
Total: 1.865834 ms (FindLiveObjects: 0.205750 ms CreateObjectMapping: 0.085083 ms MarkObjects: 1.469167 ms  DeleteObjects: 0.104958 ms)

========================================================================
Received Prepare
Registering precompiled user dll's ...
Registered in 0.017901 seconds.
Begin MonoManager ReloadAssembly
Symbol file LoadedFromMemory doesn't match image /Users/unnathy5108/Desktop/studyhabitsmultimedia/StudyHabits2d/Library/PackageCache/com.unity.visualscripting@1.6.1/Editor/VisualScripting.Core/Dependencies/YamlDotNet/Unity.VisualScripting.YamlDotNet.dll
Symbol file LoadedFromMemory doesn't match image /Users/unnathy5108/Desktop/studyhabitsmultimedia/StudyHabits2d/Library/PackageCache/com.unity.visualscripting@1.6.1/Editor/VisualScripting.Core/Dependencies/DotNetZip/Unity.VisualScripting.IonicZip.dll
Native extension for OSXStandalone target not found
Native extension for WebGL target not found
Refreshing native plugins compatible for Editor in 0.57 ms, found 2 plugins.
Preloading 0 native plugins for Editor in 0.00 ms.
Mono: successfully reloaded assembly
- Completed reload, in  2.000 seconds
Platform modules already initialized, skipping
Refreshing native plugins compatible for Editor in 0.57 ms, found 2 plugins.
Preloading 0 native plugins for Editor in 0.00 ms.
Unloading 3368 Unused Serialized files (Serialized files now loaded: 0)
System memory in use before: 293.5 MB.
System memory in use after: 293.6 MB.

Unloading 16 unused Assets to reduce memory usage. Loaded Objects now: 4001.
Total: 1.800708 ms (FindLiveObjects: 0.176584 ms CreateObjectMapping: 0.080417 ms MarkObjects: 1.452166 ms  DeleteObjects: 0.090625 ms)

========================================================================
Received Prepare
Registering precompiled user dll's ...
Registered in 0.038099 seconds.
Begin MonoManager ReloadAssembly
Symbol file LoadedFromMemory doesn't match image /Users/unnathy5108/Desktop/studyhabitsmultimedia/StudyHabits2d/Library/PackageCache/com.unity.visualscripting@1.6.1/Editor/VisualScripting.Core/Dependencies/YamlDotNet/Unity.VisualScripting.YamlDotNet.dll
Symbol file LoadedFromMemory doesn't match image /Users/unnathy5108/Desktop/studyhabitsmultimedia/StudyHabits2d/Library/PackageCache/com.unity.visualscripting@1.6.1/Editor/VisualScripting.Core/Dependencies/DotNetZip/Unity.VisualScripting.IonicZip.dll
Native extension for OSXStandalone target not found
Native extension for WebGL target not found
Refreshing native plugins compatible for Editor in 0.79 ms, found 2 plugins.
Preloading 0 native plugins for Editor in 0.00 ms.
Mono: successfully reloaded assembly
- Completed reload, in  2.038 seconds
Platform modules already initialized, skipping
Refreshing native plugins compatible for Editor in 0.98 ms, found 2 plugins.
Preloading 0 native plugins for Editor in 0.00 ms.
Unloading 3368 Unused Serialized files (Serialized files now loaded: 0)
System memory in use before: 293.7 MB.
System memory in use after: 293.8 MB.

Unloading 16 unused Assets to reduce memory usage. Loaded Objects now: 4005.
Total: 1.903375 ms (FindLiveObjects: 0.190417 ms CreateObjectMapping: 0.082375 ms MarkObjects: 1.538292 ms  DeleteObjects: 0.091084 ms)

========================================================================
Received Prepare
Registering precompiled user dll's ...
Registered in 0.035112 seconds.
Begin MonoManager ReloadAssembly
Symbol file LoadedFromMemory doesn't match image /Users/unnathy5108/Desktop/studyhabitsmultimedia/StudyHabits2d/Library/PackageCache/com.unity.visualscripting@1.6.1/Editor/VisualScripting.Core/Dependencies/YamlDotNet/Unity.VisualScripting.YamlDotNet.dll
Symbol file LoadedFromMemory doesn't match image /Users/unnathy5108/Desktop/studyhabitsmultimedia/StudyHabits2d/Library/PackageCache/com.unity.visualscripting@1.6.1/Editor/VisualScripting.Core/Dependencies/DotNetZip/Unity.VisualScripting.IonicZip.dll
Native extension for OSXStandalone target not found
Native extension for WebGL target not found
Refreshing native plugins compatible for Editor in 0.56 ms, found 2 plugins.
Preloading 0 native plugins for Editor in 0.00 ms.
Mono: successfully reloaded assembly
- Completed reload, in  2.021 seconds
Platform modules already initialized, skipping
Refreshing native plugins compatible for Editor in 0.57 ms, found 2 plugins.
Preloading 0 native plugins for Editor in 0.00 ms.
Unloading 3368 Unused Serialized files (Serialized files now loaded: 0)
System memory in use before: 293.9 MB.
System memory in use after: 294.0 MB.

Unloading 16 unused Assets to reduce memory usage. Loaded Objects now: 4009.
Total: 1.736750 ms (FindLiveObjects: 0.167542 ms CreateObjectMapping: 0.081666 ms MarkObjects: 1.405500 ms  DeleteObjects: 0.081458 ms)

========================================================================
Received Prepare
Registering precompiled user dll's ...
Registered in 0.016129 seconds.
Begin MonoManager ReloadAssembly
Symbol file LoadedFromMemory doesn't match image /Users/unnathy5108/Desktop/studyhabitsmultimedia/StudyHabits2d/Library/PackageCache/com.unity.visualscripting@1.6.1/Editor/VisualScripting.Core/Dependencies/YamlDotNet/Unity.VisualScripting.YamlDotNet.dll
Symbol file LoadedFromMemory doesn't match image /Users/unnathy5108/Desktop/studyhabitsmultimedia/StudyHabits2d/Library/PackageCache/com.unity.visualscripting@1.6.1/Editor/VisualScripting.Core/Dependencies/DotNetZip/Unity.VisualScripting.IonicZip.dll
Native extension for OSXStandalone target not found
Native extension for WebGL target not found
Refreshing native plugins compatible for Editor in 0.57 ms, found 2 plugins.
Preloading 0 native plugins for Editor in 0.00 ms.
Mono: successfully reloaded assembly
- Completed reload, in  2.043 seconds
Platform modules already initialized, skipping
Refreshing native plugins compatible for Editor in 0.58 ms, found 2 plugins.
Preloading 0 native plugins for Editor in 0.00 ms.
Unloading 3368 Unused Serialized files (Serialized files now loaded: 0)
System memory in use before: 294.1 MB.
System memory in use after: 294.3 MB.

Unloading 16 unused Assets to reduce memory usage. Loaded Objects now: 4013.
Total: 1.811125 ms (FindLiveObjects: 0.179292 ms CreateObjectMapping: 0.082209 ms MarkObjects: 1.466167 ms  DeleteObjects: 0.082542 ms)

========================================================================
Received Prepare
Registering precompiled user dll's ...
Registered in 0.020421 seconds.
Begin MonoManager ReloadAssembly
Symbol file LoadedFromMemory doesn't match image /Users/unnathy5108/Desktop/studyhabitsmultimedia/StudyHabits2d/Library/PackageCache/com.unity.visualscripting@1.6.1/Editor/VisualScripting.Core/Dependencies/YamlDotNet/Unity.VisualScripting.YamlDotNet.dll
Symbol file LoadedFromMemory doesn't match image /Users/unnathy5108/Desktop/studyhabitsmultimedia/StudyHabits2d/Library/PackageCache/com.unity.visualscripting@1.6.1/Editor/VisualScripting.Core/Dependencies/DotNetZip/Unity.VisualScripting.IonicZip.dll
Native extension for OSXStandalone target not found
Native extension for WebGL target not found
Refreshing native plugins compatible for Editor in 0.89 ms, found 2 plugins.
Preloading 0 native plugins for Editor in 0.00 ms.
Mono: successfully reloaded assembly
- Completed reload, in  2.034 seconds
Platform modules already initialized, skipping
Refreshing native plugins compatible for Editor in 0.55 ms, found 2 plugins.
Preloading 0 native plugins for Editor in 0.00 ms.
Unloading 3368 Unused Serialized files (Serialized files now loaded: 0)
System memory in use before: 294.4 MB.
System memory in use after: 294.5 MB.

Unloading 16 unused Assets to reduce memory usage. Loaded Objects now: 4017.
Total: 1.819542 ms (FindLiveObjects: 0.176834 ms CreateObjectMapping: 0.086000 ms MarkObjects: 1.472125 ms  DeleteObjects: 0.083625 ms)

========================================================================
Received Prepare
Registering precompiled user dll's ...
Registered in 0.016888 seconds.
Begin MonoManager ReloadAssembly
Symbol file LoadedFromMemory doesn't match image /Users/unnathy5108/Desktop/studyhabitsmultimedia/StudyHabits2d/Library/PackageCache/com.unity.visualscripting@1.6.1/Editor/VisualScripting.Core/Dependencies/YamlDotNet/Unity.VisualScripting.YamlDotNet.dll
Symbol file LoadedFromMemory doesn't match image /Users/unnathy5108/Desktop/studyhabitsmultimedia/StudyHabits2d/Library/PackageCache/com.unity.visualscripting@1.6.1/Editor/VisualScripting.Core/Dependencies/DotNetZip/Unity.VisualScripting.IonicZip.dll
Native extension for OSXStandalone target not found
Native extension for WebGL target not found
Refreshing native plugins compatible for Editor in 0.94 ms, found 2 plugins.
Preloading 0 native plugins for Editor in 0.00 ms.
Mono: successfully reloaded assembly
- Completed reload, in  2.073 seconds
Platform modules already initialized, skipping
Refreshing native plugins compatible for Editor in 0.58 ms, found 2 plugins.
Preloading 0 native plugins for Editor in 0.00 ms.
Unloading 3368 Unused Serialized files (Serialized files now loaded: 0)
System memory in use before: 294.6 MB.
System memory in use after: 294.7 MB.

Unloading 16 unused Assets to reduce memory usage. Loaded Objects now: 4021.
Total: 1.814459 ms (FindLiveObjects: 0.189791 ms CreateObjectMapping: 0.090292 ms MarkObjects: 1.449542 ms  DeleteObjects: 0.083958 ms)

========================================================================
Received Prepare
Registering precompiled user dll's ...
Registered in 0.016138 seconds.
Begin MonoManager ReloadAssembly
Symbol file LoadedFromMemory doesn't match image /Users/unnathy5108/Desktop/studyhabitsmultimedia/StudyHabits2d/Library/PackageCache/com.unity.visualscripting@1.6.1/Editor/VisualScripting.Core/Dependencies/YamlDotNet/Unity.VisualScripting.YamlDotNet.dll
Symbol file LoadedFromMemory doesn't match image /Users/unnathy5108/Desktop/studyhabitsmultimedia/StudyHabits2d/Library/PackageCache/com.unity.visualscripting@1.6.1/Editor/VisualScripting.Core/Dependencies/DotNetZip/Unity.VisualScripting.IonicZip.dll
Native extension for OSXStandalone target not found
Native extension for WebGL target not found
Refreshing native plugins compatible for Editor in 0.98 ms, found 2 plugins.
Preloading 0 native plugins for Editor in 0.00 ms.
Mono: successfully reloaded assembly
- Completed reload, in  2.048 seconds
Platform modules already initialized, skipping
Refreshing native plugins compatible for Editor in 0.57 ms, found 2 plugins.
Preloading 0 native plugins for Editor in 0.00 ms.
Unloading 3368 Unused Serialized files (Serialized files now loaded: 0)
System memory in use before: 294.8 MB.
System memory in use after: 294.9 MB.

Unloading 16 unused Assets to reduce memory usage. Loaded Objects now: 4025.
Total: 1.796583 ms (FindLiveObjects: 0.172000 ms CreateObjectMapping: 0.078250 ms MarkObjects: 1.456875 ms  DeleteObjects: 0.088542 ms)

========================================================================
Received Import Request.
  Time since last request: 1764.889464 seconds.
  path: Assets/Scenes/Audio
  artifactKey: Guid(fa0cde002db6d4750bafdf233da70c90) Importer(815301076,1909f56bfc062723c751e8b465ee728b)
Start importing Assets/Scenes/Audio using Guid(fa0cde002db6d4750bafdf233da70c90) Importer(815301076,1909f56bfc062723c751e8b465ee728b)  -> (artifact id: '7c06bcb6da93ba2c77213a1577f5e417') in 0.032443 seconds 
========================================================================
Received Import Request.
  Time since last request: 1112.174571 seconds.
  path: Assets/Audio/coffeestirring.wav
  artifactKey: Guid(5e0ef5b29adea4de2b606bfaa04fde45) Importer(815301076,1909f56bfc062723c751e8b465ee728b)
Start importing Assets/Audio/coffeestirring.wav using Guid(5e0ef5b29adea4de2b606bfaa04fde45) Importer(815301076,1909f56bfc062723c751e8b465ee728b)  -> (artifact id: '5865730ce60a93ea4577246ab8346857') in 0.726459 seconds 
========================================================================
Received Import Request.
  Time since last request: 20.649960 seconds.
  path: Assets/Audio/piano.wav
  artifactKey: Guid(c919dd5c32df54ff792cfe7f85d0414e) Importer(815301076,1909f56bfc062723c751e8b465ee728b)
Start importing Assets/Audio/piano.wav using Guid(c919dd5c32df54ff792cfe7f85d0414e) Importer(815301076,1909f56bfc062723c751e8b465ee728b)  -> (artifact id: '22667c636c258bff99f3c451eaf5bf54') in 0.026862 seconds 
========================================================================
Received Import Request.
  Time since last request: 21.504834 seconds.
  path: Assets/Audio/rainsounds.wav
  artifactKey: Guid(f73ac18ca4e064c96b7ed1569f4aff33) Importer(815301076,1909f56bfc062723c751e8b465ee728b)
Start importing Assets/Audio/rainsounds.wav using Guid(f73ac18ca4e064c96b7ed1569f4aff33) Importer(815301076,1909f56bfc062723c751e8b465ee728b)  -> (artifact id: '114312ff2cb2fecc441fa8e21a4d7043') in 0.021869 seconds 
========================================================================
Received Import Request.
  Time since last request: 20.087619 seconds.
  path: Assets/Audio/water.wav
  artifactKey: Guid(3f357d4f7838d4bfe9d4c38ea1e01568) Importer(815301076,1909f56bfc062723c751e8b465ee728b)
Start importing Assets/Audio/water.wav using Guid(3f357d4f7838d4bfe9d4c38ea1e01568) Importer(815301076,1909f56bfc062723c751e8b465ee728b)  -> (artifact id: '03cc615cf9c7b0b93f08cefaefcf39a3') in 0.020455 seconds 
========================================================================
Received Import Request.
  Time since last request: 5.491554 seconds.
  path: Assets/Audio/typing.mp3
  artifactKey: Guid(7bf4a6e4317a54848a8a61bbd5bd7a65) Importer(815301076,1909f56bfc062723c751e8b465ee728b)
Start importing Assets/Audio/typing.mp3 using Guid(7bf4a6e4317a54848a8a61bbd5bd7a65) Importer(815301076,1909f56bfc062723c751e8b465ee728b)  -> (artifact id: 'c0355e9dbfdcadbcf9fe0f0a63cc6cd4') in 0.498922 seconds 
